<?xml version="1.0" encoding="UTF-8"?>
<testng-results skipped="0" failed="0" ignored="0" total="111" passed="111">
  <reporter-output>
  </reporter-output>
  <suite name="Command line suite" duration-ms="4735" started-at="2019-02-25T23:13:25Z" finished-at="2019-02-25T23:13:30Z">
    <groups>
    </groups>
    <test name="Command line test" duration-ms="4735" started-at="2019-02-25T23:13:25Z" finished-at="2019-02-25T23:13:30Z">
      <class name="com.namazustudios.socialengine.LuaNotificationIntegrationTest">
        <test-method status="PASS" signature="testSendWithBuilder()[pri:0, instance:com.namazustudios.socialengine.LuaNotificationIntegrationTest@c27a3a2]" name="testSendWithBuilder" duration-ms="28" started-at="2019-02-25T15:13:30Z" finished-at="2019-02-25T15:13:30Z">
          <reporter-output>
          </reporter-output>
        </test-method> <!-- testSendWithBuilder -->
        <test-method status="PASS" signature="resetMocks()[pri:0, instance:com.namazustudios.socialengine.LuaNotificationIntegrationTest@c27a3a2]" name="resetMocks" is-config="true" duration-ms="0" started-at="2019-02-25T15:13:30Z" finished-at="2019-02-25T15:13:30Z">
          <reporter-output>
          </reporter-output>
        </test-method> <!-- resetMocks -->
      </class> <!-- com.namazustudios.socialengine.LuaNotificationIntegrationTest -->
      <class name="com.namazustudios.socialengine.LuaGameOnRegistrationUnitTest">
        <test-method status="PASS" signature="resetMocks()[pri:0, instance:com.namazustudios.socialengine.LuaGameOnRegistrationUnitTest@a9f023e]" name="resetMocks" is-config="true" duration-ms="0" started-at="2019-02-25T15:13:30Z" finished-at="2019-02-25T15:13:30Z">
          <reporter-output>
          </reporter-output>
        </test-method> <!-- resetMocks -->
        <test-method status="PASS" signature="performRefreshFailureTest()[pri:0, instance:com.namazustudios.socialengine.LuaGameOnRegistrationUnitTest@a9f023e]" name="performRefreshFailureTest" duration-ms="31" started-at="2019-02-25T15:13:30Z" finished-at="2019-02-25T15:13:30Z">
          <reporter-output>
          </reporter-output>
        </test-method> <!-- performRefreshFailureTest -->
        <test-method status="PASS" signature="resetMocks()[pri:0, instance:com.namazustudios.socialengine.LuaGameOnRegistrationUnitTest@a9f023e]" name="resetMocks" is-config="true" duration-ms="0" started-at="2019-02-25T15:13:30Z" finished-at="2019-02-25T15:13:30Z">
          <reporter-output>
          </reporter-output>
        </test-method> <!-- resetMocks -->
        <test-method status="PASS" signature="performRefreshSuccessTest()[pri:0, instance:com.namazustudios.socialengine.LuaGameOnRegistrationUnitTest@a9f023e]" name="performRefreshSuccessTest" duration-ms="29" started-at="2019-02-25T15:13:30Z" finished-at="2019-02-25T15:13:30Z">
          <reporter-output>
          </reporter-output>
        </test-method> <!-- performRefreshSuccessTest -->
      </class> <!-- com.namazustudios.socialengine.LuaGameOnRegistrationUnitTest -->
      <class name="com.namazustudios.socialengine.LuaAuthUnitTest">
        <test-method status="PASS" signature="testAuthenticatedUser()[pri:0, instance:com.namazustudios.socialengine.LuaAuthUnitTest@620c8641]" name="testAuthenticatedUser" duration-ms="53" started-at="2019-02-25T15:13:30Z" finished-at="2019-02-25T15:13:30Z">
          <reporter-output>
          </reporter-output>
        </test-method> <!-- testAuthenticatedUser -->
        <test-method status="PASS" signature="testAuthenticatedUserRemote()[pri:0, instance:com.namazustudios.socialengine.LuaAuthUnitTest@620c8641]" name="testAuthenticatedUserRemote" duration-ms="52" started-at="2019-02-25T15:13:30Z" finished-at="2019-02-25T15:13:30Z">
          <reporter-output>
          </reporter-output>
        </test-method> <!-- testAuthenticatedUserRemote -->
        <test-method status="PASS" signature="testProfile()[pri:0, instance:com.namazustudios.socialengine.LuaAuthUnitTest@620c8641]" name="testProfile" duration-ms="26" started-at="2019-02-25T15:13:30Z" finished-at="2019-02-25T15:13:30Z">
          <reporter-output>
          </reporter-output>
        </test-method> <!-- testProfile -->
        <test-method status="PASS" signature="testProfileRemote()[pri:0, instance:com.namazustudios.socialengine.LuaAuthUnitTest@620c8641]" name="testProfileRemote" duration-ms="41" started-at="2019-02-25T15:13:30Z" finished-at="2019-02-25T15:13:30Z">
          <reporter-output>
          </reporter-output>
        </test-method> <!-- testProfileRemote -->
        <test-method status="PASS" signature="testProfileUnknown()[pri:0, instance:com.namazustudios.socialengine.LuaAuthUnitTest@620c8641]" name="testProfileUnknown" duration-ms="23" started-at="2019-02-25T15:13:30Z" finished-at="2019-02-25T15:13:30Z">
          <reporter-output>
          </reporter-output>
        </test-method> <!-- testProfileUnknown -->
        <test-method status="PASS" signature="testUnauthenticatedUser()[pri:0, instance:com.namazustudios.socialengine.LuaAuthUnitTest@620c8641]" name="testUnauthenticatedUser" duration-ms="22" started-at="2019-02-25T15:13:30Z" finished-at="2019-02-25T15:13:30Z">
          <reporter-output>
          </reporter-output>
        </test-method> <!-- testUnauthenticatedUser -->
      </class> <!-- com.namazustudios.socialengine.LuaAuthUnitTest -->
      <class name="com.namazustudios.socialengine.LuaGameOnSessionUnitTest">
        <test-method status="PASS" signature="resetMocks()[pri:0, instance:com.namazustudios.socialengine.LuaGameOnSessionUnitTest@6cd64ee8]" name="resetMocks" is-config="true" duration-ms="4" started-at="2019-02-25T15:13:25Z" finished-at="2019-02-25T15:13:25Z">
          <reporter-output>
          </reporter-output>
        </test-method> <!-- resetMocks -->
        <test-method status="PASS" signature="performAuthTest(com.namazustudios.socialengine.model.gameon.game.DeviceOSType, com.namazustudios.socialengine.model.gameon.game.AppBuildType)[pri:0, instance:com.namazustudios.socialengine.LuaGameOnSessionUnitTest@6cd64ee8]" name="performAuthTest" duration-ms="627" started-at="2019-02-25T15:13:25Z" data-provider="testData" finished-at="2019-02-25T15:13:26Z">
          <params>
            <param index="0">
              <value>
                <![CDATA[fireos]]>
              </value>
            </param>
            <param index="1">
              <value>
                <![CDATA[development]]>
              </value>
            </param>
          </params>
          <reporter-output>
          </reporter-output>
        </test-method> <!-- performAuthTest -->
        <test-method status="PASS" signature="resetMocks()[pri:0, instance:com.namazustudios.socialengine.LuaGameOnSessionUnitTest@6cd64ee8]" name="resetMocks" is-config="true" duration-ms="0" started-at="2019-02-25T15:13:26Z" finished-at="2019-02-25T15:13:26Z">
          <reporter-output>
          </reporter-output>
        </test-method> <!-- resetMocks -->
        <test-method status="PASS" signature="performAuthTest(com.namazustudios.socialengine.model.gameon.game.DeviceOSType, com.namazustudios.socialengine.model.gameon.game.AppBuildType)[pri:0, instance:com.namazustudios.socialengine.LuaGameOnSessionUnitTest@6cd64ee8]" name="performAuthTest" duration-ms="55" started-at="2019-02-25T15:13:26Z" data-provider="testData" finished-at="2019-02-25T15:13:26Z">
          <params>
            <param index="0">
              <value>
                <![CDATA[fireos]]>
              </value>
            </param>
            <param index="1">
              <value>
                <![CDATA[release]]>
              </value>
            </param>
          </params>
          <reporter-output>
          </reporter-output>
        </test-method> <!-- performAuthTest -->
        <test-method status="PASS" signature="resetMocks()[pri:0, instance:com.namazustudios.socialengine.LuaGameOnSessionUnitTest@6cd64ee8]" name="resetMocks" is-config="true" duration-ms="0" started-at="2019-02-25T15:13:26Z" finished-at="2019-02-25T15:13:26Z">
          <reporter-output>
          </reporter-output>
        </test-method> <!-- resetMocks -->
        <test-method status="PASS" signature="performAuthTest(com.namazustudios.socialengine.model.gameon.game.DeviceOSType, com.namazustudios.socialengine.model.gameon.game.AppBuildType)[pri:0, instance:com.namazustudios.socialengine.LuaGameOnSessionUnitTest@6cd64ee8]" name="performAuthTest" duration-ms="72" started-at="2019-02-25T15:13:26Z" data-provider="testData" finished-at="2019-02-25T15:13:26Z">
          <params>
            <param index="0">
              <value>
                <![CDATA[android]]>
              </value>
            </param>
            <param index="1">
              <value>
                <![CDATA[development]]>
              </value>
            </param>
          </params>
          <reporter-output>
          </reporter-output>
        </test-method> <!-- performAuthTest -->
        <test-method status="PASS" signature="resetMocks()[pri:0, instance:com.namazustudios.socialengine.LuaGameOnSessionUnitTest@6cd64ee8]" name="resetMocks" is-config="true" duration-ms="0" started-at="2019-02-25T15:13:26Z" finished-at="2019-02-25T15:13:26Z">
          <reporter-output>
          </reporter-output>
        </test-method> <!-- resetMocks -->
        <test-method status="PASS" signature="performAuthTest(com.namazustudios.socialengine.model.gameon.game.DeviceOSType, com.namazustudios.socialengine.model.gameon.game.AppBuildType)[pri:0, instance:com.namazustudios.socialengine.LuaGameOnSessionUnitTest@6cd64ee8]" name="performAuthTest" duration-ms="49" started-at="2019-02-25T15:13:26Z" data-provider="testData" finished-at="2019-02-25T15:13:26Z">
          <params>
            <param index="0">
              <value>
                <![CDATA[android]]>
              </value>
            </param>
            <param index="1">
              <value>
                <![CDATA[release]]>
              </value>
            </param>
          </params>
          <reporter-output>
          </reporter-output>
        </test-method> <!-- performAuthTest -->
        <test-method status="PASS" signature="performAuthTest(com.namazustudios.socialengine.model.gameon.game.DeviceOSType, com.namazustudios.socialengine.model.gameon.game.AppBuildType)[pri:0, instance:com.namazustudios.socialengine.LuaGameOnSessionUnitTest@6cd64ee8]" name="performAuthTest" duration-ms="54" started-at="2019-02-25T15:13:26Z" data-provider="testData" finished-at="2019-02-25T15:13:26Z">
          <params>
            <param index="0">
              <value>
                <![CDATA[ios]]>
              </value>
            </param>
            <param index="1">
              <value>
                <![CDATA[development]]>
              </value>
            </param>
          </params>
          <reporter-output>
          </reporter-output>
        </test-method> <!-- performAuthTest -->
        <test-method status="PASS" signature="resetMocks()[pri:0, instance:com.namazustudios.socialengine.LuaGameOnSessionUnitTest@6cd64ee8]" name="resetMocks" is-config="true" duration-ms="0" started-at="2019-02-25T15:13:26Z" finished-at="2019-02-25T15:13:26Z">
          <reporter-output>
          </reporter-output>
        </test-method> <!-- resetMocks -->
        <test-method status="PASS" signature="performAuthTest(com.namazustudios.socialengine.model.gameon.game.DeviceOSType, com.namazustudios.socialengine.model.gameon.game.AppBuildType)[pri:0, instance:com.namazustudios.socialengine.LuaGameOnSessionUnitTest@6cd64ee8]" name="performAuthTest" duration-ms="44" started-at="2019-02-25T15:13:26Z" data-provider="testData" finished-at="2019-02-25T15:13:26Z">
          <params>
            <param index="0">
              <value>
                <![CDATA[ios]]>
              </value>
            </param>
            <param index="1">
              <value>
                <![CDATA[release]]>
              </value>
            </param>
          </params>
          <reporter-output>
          </reporter-output>
        </test-method> <!-- performAuthTest -->
        <test-method status="PASS" signature="resetMocks()[pri:0, instance:com.namazustudios.socialengine.LuaGameOnSessionUnitTest@6cd64ee8]" name="resetMocks" is-config="true" duration-ms="0" started-at="2019-02-25T15:13:26Z" finished-at="2019-02-25T15:13:26Z">
          <reporter-output>
          </reporter-output>
        </test-method> <!-- resetMocks -->
        <test-method status="PASS" signature="resetMocks()[pri:0, instance:com.namazustudios.socialengine.LuaGameOnSessionUnitTest@6cd64ee8]" name="resetMocks" is-config="true" duration-ms="0" started-at="2019-02-25T15:13:26Z" finished-at="2019-02-25T15:13:26Z">
          <reporter-output>
          </reporter-output>
        </test-method> <!-- resetMocks -->
        <test-method status="PASS" signature="performAuthTest(com.namazustudios.socialengine.model.gameon.game.DeviceOSType, com.namazustudios.socialengine.model.gameon.game.AppBuildType)[pri:0, instance:com.namazustudios.socialengine.LuaGameOnSessionUnitTest@6cd64ee8]" name="performAuthTest" duration-ms="40" started-at="2019-02-25T15:13:26Z" data-provider="testData" finished-at="2019-02-25T15:13:26Z">
          <params>
            <param index="0">
              <value>
                <![CDATA[pc]]>
              </value>
            </param>
            <param index="1">
              <value>
                <![CDATA[development]]>
              </value>
            </param>
          </params>
          <reporter-output>
          </reporter-output>
        </test-method> <!-- performAuthTest -->
        <test-method status="PASS" signature="resetMocks()[pri:0, instance:com.namazustudios.socialengine.LuaGameOnSessionUnitTest@6cd64ee8]" name="resetMocks" is-config="true" duration-ms="0" started-at="2019-02-25T15:13:26Z" finished-at="2019-02-25T15:13:26Z">
          <reporter-output>
          </reporter-output>
        </test-method> <!-- resetMocks -->
        <test-method status="PASS" signature="performAuthTest(com.namazustudios.socialengine.model.gameon.game.DeviceOSType, com.namazustudios.socialengine.model.gameon.game.AppBuildType)[pri:0, instance:com.namazustudios.socialengine.LuaGameOnSessionUnitTest@6cd64ee8]" name="performAuthTest" duration-ms="42" started-at="2019-02-25T15:13:26Z" data-provider="testData" finished-at="2019-02-25T15:13:26Z">
          <params>
            <param index="0">
              <value>
                <![CDATA[pc]]>
              </value>
            </param>
            <param index="1">
              <value>
                <![CDATA[release]]>
              </value>
            </param>
          </params>
          <reporter-output>
          </reporter-output>
        </test-method> <!-- performAuthTest -->
        <test-method status="PASS" signature="performAuthTest(com.namazustudios.socialengine.model.gameon.game.DeviceOSType, com.namazustudios.socialengine.model.gameon.game.AppBuildType)[pri:0, instance:com.namazustudios.socialengine.LuaGameOnSessionUnitTest@6cd64ee8]" name="performAuthTest" duration-ms="40" started-at="2019-02-25T15:13:26Z" data-provider="testData" finished-at="2019-02-25T15:13:26Z">
          <params>
            <param index="0">
              <value>
                <![CDATA[mac]]>
              </value>
            </param>
            <param index="1">
              <value>
                <![CDATA[development]]>
              </value>
            </param>
          </params>
          <reporter-output>
          </reporter-output>
        </test-method> <!-- performAuthTest -->
        <test-method status="PASS" signature="resetMocks()[pri:0, instance:com.namazustudios.socialengine.LuaGameOnSessionUnitTest@6cd64ee8]" name="resetMocks" is-config="true" duration-ms="0" started-at="2019-02-25T15:13:26Z" finished-at="2019-02-25T15:13:26Z">
          <reporter-output>
          </reporter-output>
        </test-method> <!-- resetMocks -->
        <test-method status="PASS" signature="resetMocks()[pri:0, instance:com.namazustudios.socialengine.LuaGameOnSessionUnitTest@6cd64ee8]" name="resetMocks" is-config="true" duration-ms="0" started-at="2019-02-25T15:13:26Z" finished-at="2019-02-25T15:13:26Z">
          <reporter-output>
          </reporter-output>
        </test-method> <!-- resetMocks -->
        <test-method status="PASS" signature="performAuthTest(com.namazustudios.socialengine.model.gameon.game.DeviceOSType, com.namazustudios.socialengine.model.gameon.game.AppBuildType)[pri:0, instance:com.namazustudios.socialengine.LuaGameOnSessionUnitTest@6cd64ee8]" name="performAuthTest" duration-ms="49" started-at="2019-02-25T15:13:26Z" data-provider="testData" finished-at="2019-02-25T15:13:27Z">
          <params>
            <param index="0">
              <value>
                <![CDATA[mac]]>
              </value>
            </param>
            <param index="1">
              <value>
                <![CDATA[release]]>
              </value>
            </param>
          </params>
          <reporter-output>
          </reporter-output>
        </test-method> <!-- performAuthTest -->
        <test-method status="PASS" signature="resetMocks()[pri:0, instance:com.namazustudios.socialengine.LuaGameOnSessionUnitTest@6cd64ee8]" name="resetMocks" is-config="true" duration-ms="0" started-at="2019-02-25T15:13:27Z" finished-at="2019-02-25T15:13:27Z">
          <reporter-output>
          </reporter-output>
        </test-method> <!-- resetMocks -->
        <test-method status="PASS" signature="performAuthTest(com.namazustudios.socialengine.model.gameon.game.DeviceOSType, com.namazustudios.socialengine.model.gameon.game.AppBuildType)[pri:0, instance:com.namazustudios.socialengine.LuaGameOnSessionUnitTest@6cd64ee8]" name="performAuthTest" duration-ms="37" started-at="2019-02-25T15:13:27Z" data-provider="testData" finished-at="2019-02-25T15:13:27Z">
          <params>
            <param index="0">
              <value>
                <![CDATA[linux]]>
              </value>
            </param>
            <param index="1">
              <value>
                <![CDATA[development]]>
              </value>
            </param>
          </params>
          <reporter-output>
          </reporter-output>
        </test-method> <!-- performAuthTest -->
        <test-method status="PASS" signature="performAuthTest(com.namazustudios.socialengine.model.gameon.game.DeviceOSType, com.namazustudios.socialengine.model.gameon.game.AppBuildType)[pri:0, instance:com.namazustudios.socialengine.LuaGameOnSessionUnitTest@6cd64ee8]" name="performAuthTest" duration-ms="39" started-at="2019-02-25T15:13:27Z" data-provider="testData" finished-at="2019-02-25T15:13:27Z">
          <params>
            <param index="0">
              <value>
                <![CDATA[linux]]>
              </value>
            </param>
            <param index="1">
              <value>
                <![CDATA[release]]>
              </value>
            </param>
          </params>
          <reporter-output>
          </reporter-output>
        </test-method> <!-- performAuthTest -->
        <test-method status="PASS" signature="resetMocks()[pri:0, instance:com.namazustudios.socialengine.LuaGameOnSessionUnitTest@6cd64ee8]" name="resetMocks" is-config="true" duration-ms="0" started-at="2019-02-25T15:13:27Z" finished-at="2019-02-25T15:13:27Z">
          <reporter-output>
          </reporter-output>
        </test-method> <!-- resetMocks -->
        <test-method status="PASS" signature="resetMocks()[pri:0, instance:com.namazustudios.socialengine.LuaGameOnSessionUnitTest@6cd64ee8]" name="resetMocks" is-config="true" duration-ms="0" started-at="2019-02-25T15:13:27Z" finished-at="2019-02-25T15:13:27Z">
          <reporter-output>
          </reporter-output>
        </test-method> <!-- resetMocks -->
        <test-method status="PASS" signature="performAuthTest(com.namazustudios.socialengine.model.gameon.game.DeviceOSType, com.namazustudios.socialengine.model.gameon.game.AppBuildType)[pri:0, instance:com.namazustudios.socialengine.LuaGameOnSessionUnitTest@6cd64ee8]" name="performAuthTest" duration-ms="39" started-at="2019-02-25T15:13:27Z" data-provider="testData" finished-at="2019-02-25T15:13:27Z">
          <params>
            <param index="0">
              <value>
                <![CDATA[xbox]]>
              </value>
            </param>
            <param index="1">
              <value>
                <![CDATA[development]]>
              </value>
            </param>
          </params>
          <reporter-output>
          </reporter-output>
        </test-method> <!-- performAuthTest -->
        <test-method status="PASS" signature="resetMocks()[pri:0, instance:com.namazustudios.socialengine.LuaGameOnSessionUnitTest@6cd64ee8]" name="resetMocks" is-config="true" duration-ms="0" started-at="2019-02-25T15:13:27Z" finished-at="2019-02-25T15:13:27Z">
          <reporter-output>
          </reporter-output>
        </test-method> <!-- resetMocks -->
        <test-method status="PASS" signature="performAuthTest(com.namazustudios.socialengine.model.gameon.game.DeviceOSType, com.namazustudios.socialengine.model.gameon.game.AppBuildType)[pri:0, instance:com.namazustudios.socialengine.LuaGameOnSessionUnitTest@6cd64ee8]" name="performAuthTest" duration-ms="41" started-at="2019-02-25T15:13:27Z" data-provider="testData" finished-at="2019-02-25T15:13:27Z">
          <params>
            <param index="0">
              <value>
                <![CDATA[xbox]]>
              </value>
            </param>
            <param index="1">
              <value>
                <![CDATA[release]]>
              </value>
            </param>
          </params>
          <reporter-output>
          </reporter-output>
        </test-method> <!-- performAuthTest -->
        <test-method status="PASS" signature="performAuthTest(com.namazustudios.socialengine.model.gameon.game.DeviceOSType, com.namazustudios.socialengine.model.gameon.game.AppBuildType)[pri:0, instance:com.namazustudios.socialengine.LuaGameOnSessionUnitTest@6cd64ee8]" name="performAuthTest" duration-ms="39" started-at="2019-02-25T15:13:27Z" data-provider="testData" finished-at="2019-02-25T15:13:27Z">
          <params>
            <param index="0">
              <value>
                <![CDATA[playstation]]>
              </value>
            </param>
            <param index="1">
              <value>
                <![CDATA[development]]>
              </value>
            </param>
          </params>
          <reporter-output>
          </reporter-output>
        </test-method> <!-- performAuthTest -->
        <test-method status="PASS" signature="resetMocks()[pri:0, instance:com.namazustudios.socialengine.LuaGameOnSessionUnitTest@6cd64ee8]" name="resetMocks" is-config="true" duration-ms="0" started-at="2019-02-25T15:13:27Z" finished-at="2019-02-25T15:13:27Z">
          <reporter-output>
          </reporter-output>
        </test-method> <!-- resetMocks -->
        <test-method status="PASS" signature="resetMocks()[pri:0, instance:com.namazustudios.socialengine.LuaGameOnSessionUnitTest@6cd64ee8]" name="resetMocks" is-config="true" duration-ms="0" started-at="2019-02-25T15:13:27Z" finished-at="2019-02-25T15:13:27Z">
          <reporter-output>
          </reporter-output>
        </test-method> <!-- resetMocks -->
        <test-method status="PASS" signature="performAuthTest(com.namazustudios.socialengine.model.gameon.game.DeviceOSType, com.namazustudios.socialengine.model.gameon.game.AppBuildType)[pri:0, instance:com.namazustudios.socialengine.LuaGameOnSessionUnitTest@6cd64ee8]" name="performAuthTest" duration-ms="42" started-at="2019-02-25T15:13:27Z" data-provider="testData" finished-at="2019-02-25T15:13:27Z">
          <params>
            <param index="0">
              <value>
                <![CDATA[playstation]]>
              </value>
            </param>
            <param index="1">
              <value>
                <![CDATA[release]]>
              </value>
            </param>
          </params>
          <reporter-output>
          </reporter-output>
        </test-method> <!-- performAuthTest -->
        <test-method status="PASS" signature="performAuthTest(com.namazustudios.socialengine.model.gameon.game.DeviceOSType, com.namazustudios.socialengine.model.gameon.game.AppBuildType)[pri:0, instance:com.namazustudios.socialengine.LuaGameOnSessionUnitTest@6cd64ee8]" name="performAuthTest" duration-ms="43" started-at="2019-02-25T15:13:27Z" data-provider="testData" finished-at="2019-02-25T15:13:27Z">
          <params>
            <param index="0">
              <value>
                <![CDATA[nintendo]]>
              </value>
            </param>
            <param index="1">
              <value>
                <![CDATA[development]]>
              </value>
            </param>
          </params>
          <reporter-output>
          </reporter-output>
        </test-method> <!-- performAuthTest -->
        <test-method status="PASS" signature="resetMocks()[pri:0, instance:com.namazustudios.socialengine.LuaGameOnSessionUnitTest@6cd64ee8]" name="resetMocks" is-config="true" duration-ms="0" started-at="2019-02-25T15:13:27Z" finished-at="2019-02-25T15:13:27Z">
          <reporter-output>
          </reporter-output>
        </test-method> <!-- resetMocks -->
        <test-method status="PASS" signature="resetMocks()[pri:0, instance:com.namazustudios.socialengine.LuaGameOnSessionUnitTest@6cd64ee8]" name="resetMocks" is-config="true" duration-ms="0" started-at="2019-02-25T15:13:27Z" finished-at="2019-02-25T15:13:27Z">
          <reporter-output>
          </reporter-output>
        </test-method> <!-- resetMocks -->
        <test-method status="PASS" signature="performAuthTest(com.namazustudios.socialengine.model.gameon.game.DeviceOSType, com.namazustudios.socialengine.model.gameon.game.AppBuildType)[pri:0, instance:com.namazustudios.socialengine.LuaGameOnSessionUnitTest@6cd64ee8]" name="performAuthTest" duration-ms="45" started-at="2019-02-25T15:13:27Z" data-provider="testData" finished-at="2019-02-25T15:13:27Z">
          <params>
            <param index="0">
              <value>
                <![CDATA[nintendo]]>
              </value>
            </param>
            <param index="1">
              <value>
                <![CDATA[release]]>
              </value>
            </param>
          </params>
          <reporter-output>
          </reporter-output>
        </test-method> <!-- performAuthTest -->
        <test-method status="PASS" signature="performAuthTest(com.namazustudios.socialengine.model.gameon.game.DeviceOSType, com.namazustudios.socialengine.model.gameon.game.AppBuildType)[pri:0, instance:com.namazustudios.socialengine.LuaGameOnSessionUnitTest@6cd64ee8]" name="performAuthTest" duration-ms="40" started-at="2019-02-25T15:13:27Z" data-provider="testData" finished-at="2019-02-25T15:13:27Z">
          <params>
            <param index="0">
              <value>
                <![CDATA[html]]>
              </value>
            </param>
            <param index="1">
              <value>
                <![CDATA[development]]>
              </value>
            </param>
          </params>
          <reporter-output>
          </reporter-output>
        </test-method> <!-- performAuthTest -->
        <test-method status="PASS" signature="resetMocks()[pri:0, instance:com.namazustudios.socialengine.LuaGameOnSessionUnitTest@6cd64ee8]" name="resetMocks" is-config="true" duration-ms="0" started-at="2019-02-25T15:13:27Z" finished-at="2019-02-25T15:13:27Z">
          <reporter-output>
          </reporter-output>
        </test-method> <!-- resetMocks -->
        <test-method status="PASS" signature="performAuthTest(com.namazustudios.socialengine.model.gameon.game.DeviceOSType, com.namazustudios.socialengine.model.gameon.game.AppBuildType)[pri:0, instance:com.namazustudios.socialengine.LuaGameOnSessionUnitTest@6cd64ee8]" name="performAuthTest" duration-ms="43" started-at="2019-02-25T15:13:27Z" data-provider="testData" finished-at="2019-02-25T15:13:27Z">
          <params>
            <param index="0">
              <value>
                <![CDATA[html]]>
              </value>
            </param>
            <param index="1">
              <value>
                <![CDATA[release]]>
              </value>
            </param>
          </params>
          <reporter-output>
          </reporter-output>
        </test-method> <!-- performAuthTest -->
        <test-method status="PASS" signature="resetMocks()[pri:0, instance:com.namazustudios.socialengine.LuaGameOnSessionUnitTest@6cd64ee8]" name="resetMocks" is-config="true" duration-ms="0" started-at="2019-02-25T15:13:27Z" finished-at="2019-02-25T15:13:27Z">
          <reporter-output>
          </reporter-output>
        </test-method> <!-- resetMocks -->
        <test-method status="PASS" signature="resetMocks()[pri:0, instance:com.namazustudios.socialengine.LuaGameOnSessionUnitTest@6cd64ee8]" name="resetMocks" is-config="true" duration-ms="1" started-at="2019-02-25T15:13:27Z" finished-at="2019-02-25T15:13:27Z">
          <reporter-output>
          </reporter-output>
        </test-method> <!-- resetMocks -->
        <test-method status="PASS" signature="performAuthTest(com.namazustudios.socialengine.model.gameon.game.DeviceOSType, com.namazustudios.socialengine.model.gameon.game.AppBuildType)[pri:0, instance:com.namazustudios.socialengine.LuaGameOnSessionUnitTest@6cd64ee8]" name="performAuthTest" duration-ms="35" started-at="2019-02-25T15:13:27Z" data-provider="testData" finished-at="2019-02-25T15:13:27Z">
          <params>
            <param index="0">
              <value>
                <![CDATA[fireos]]>
              </value>
            </param>
            <param index="1">
              <value is-null="true"/>
            </param>
          </params>
          <reporter-output>
          </reporter-output>
        </test-method> <!-- performAuthTest -->
        <test-method status="PASS" signature="resetMocks()[pri:0, instance:com.namazustudios.socialengine.LuaGameOnSessionUnitTest@6cd64ee8]" name="resetMocks" is-config="true" duration-ms="0" started-at="2019-02-25T15:13:27Z" finished-at="2019-02-25T15:13:27Z">
          <reporter-output>
          </reporter-output>
        </test-method> <!-- resetMocks -->
        <test-method status="PASS" signature="performAuthTest(com.namazustudios.socialengine.model.gameon.game.DeviceOSType, com.namazustudios.socialengine.model.gameon.game.AppBuildType)[pri:0, instance:com.namazustudios.socialengine.LuaGameOnSessionUnitTest@6cd64ee8]" name="performAuthTest" duration-ms="36" started-at="2019-02-25T15:13:27Z" data-provider="testData" finished-at="2019-02-25T15:13:27Z">
          <params>
            <param index="0">
              <value>
                <![CDATA[android]]>
              </value>
            </param>
            <param index="1">
              <value is-null="true"/>
            </param>
          </params>
          <reporter-output>
          </reporter-output>
        </test-method> <!-- performAuthTest -->
        <test-method status="PASS" signature="resetMocks()[pri:0, instance:com.namazustudios.socialengine.LuaGameOnSessionUnitTest@6cd64ee8]" name="resetMocks" is-config="true" duration-ms="1" started-at="2019-02-25T15:13:27Z" finished-at="2019-02-25T15:13:27Z">
          <reporter-output>
          </reporter-output>
        </test-method> <!-- resetMocks -->
        <test-method status="PASS" signature="performAuthTest(com.namazustudios.socialengine.model.gameon.game.DeviceOSType, com.namazustudios.socialengine.model.gameon.game.AppBuildType)[pri:0, instance:com.namazustudios.socialengine.LuaGameOnSessionUnitTest@6cd64ee8]" name="performAuthTest" duration-ms="35" started-at="2019-02-25T15:13:27Z" data-provider="testData" finished-at="2019-02-25T15:13:27Z">
          <params>
            <param index="0">
              <value>
                <![CDATA[ios]]>
              </value>
            </param>
            <param index="1">
              <value is-null="true"/>
            </param>
          </params>
          <reporter-output>
          </reporter-output>
        </test-method> <!-- performAuthTest -->
        <test-method status="PASS" signature="resetMocks()[pri:0, instance:com.namazustudios.socialengine.LuaGameOnSessionUnitTest@6cd64ee8]" name="resetMocks" is-config="true" duration-ms="0" started-at="2019-02-25T15:13:27Z" finished-at="2019-02-25T15:13:27Z">
          <reporter-output>
          </reporter-output>
        </test-method> <!-- resetMocks -->
        <test-method status="PASS" signature="performAuthTest(com.namazustudios.socialengine.model.gameon.game.DeviceOSType, com.namazustudios.socialengine.model.gameon.game.AppBuildType)[pri:0, instance:com.namazustudios.socialengine.LuaGameOnSessionUnitTest@6cd64ee8]" name="performAuthTest" duration-ms="37" started-at="2019-02-25T15:13:27Z" data-provider="testData" finished-at="2019-02-25T15:13:27Z">
          <params>
            <param index="0">
              <value>
                <![CDATA[pc]]>
              </value>
            </param>
            <param index="1">
              <value is-null="true"/>
            </param>
          </params>
          <reporter-output>
          </reporter-output>
        </test-method> <!-- performAuthTest -->
        <test-method status="PASS" signature="performAuthTest(com.namazustudios.socialengine.model.gameon.game.DeviceOSType, com.namazustudios.socialengine.model.gameon.game.AppBuildType)[pri:0, instance:com.namazustudios.socialengine.LuaGameOnSessionUnitTest@6cd64ee8]" name="performAuthTest" duration-ms="40" started-at="2019-02-25T15:13:27Z" data-provider="testData" finished-at="2019-02-25T15:13:27Z">
          <params>
            <param index="0">
              <value>
                <![CDATA[mac]]>
              </value>
            </param>
            <param index="1">
              <value is-null="true"/>
            </param>
          </params>
          <reporter-output>
          </reporter-output>
        </test-method> <!-- performAuthTest -->
        <test-method status="PASS" signature="resetMocks()[pri:0, instance:com.namazustudios.socialengine.LuaGameOnSessionUnitTest@6cd64ee8]" name="resetMocks" is-config="true" duration-ms="0" started-at="2019-02-25T15:13:27Z" finished-at="2019-02-25T15:13:27Z">
          <reporter-output>
          </reporter-output>
        </test-method> <!-- resetMocks -->
        <test-method status="PASS" signature="resetMocks()[pri:0, instance:com.namazustudios.socialengine.LuaGameOnSessionUnitTest@6cd64ee8]" name="resetMocks" is-config="true" duration-ms="0" started-at="2019-02-25T15:13:27Z" finished-at="2019-02-25T15:13:27Z">
          <reporter-output>
          </reporter-output>
        </test-method> <!-- resetMocks -->
        <test-method status="PASS" signature="performAuthTest(com.namazustudios.socialengine.model.gameon.game.DeviceOSType, com.namazustudios.socialengine.model.gameon.game.AppBuildType)[pri:0, instance:com.namazustudios.socialengine.LuaGameOnSessionUnitTest@6cd64ee8]" name="performAuthTest" duration-ms="48" started-at="2019-02-25T15:13:27Z" data-provider="testData" finished-at="2019-02-25T15:13:27Z">
          <params>
            <param index="0">
              <value>
                <![CDATA[linux]]>
              </value>
            </param>
            <param index="1">
              <value is-null="true"/>
            </param>
          </params>
          <reporter-output>
          </reporter-output>
        </test-method> <!-- performAuthTest -->
        <test-method status="PASS" signature="resetMocks()[pri:0, instance:com.namazustudios.socialengine.LuaGameOnSessionUnitTest@6cd64ee8]" name="resetMocks" is-config="true" duration-ms="0" started-at="2019-02-25T15:13:27Z" finished-at="2019-02-25T15:13:27Z">
          <reporter-output>
          </reporter-output>
        </test-method> <!-- resetMocks -->
        <test-method status="PASS" signature="performAuthTest(com.namazustudios.socialengine.model.gameon.game.DeviceOSType, com.namazustudios.socialengine.model.gameon.game.AppBuildType)[pri:0, instance:com.namazustudios.socialengine.LuaGameOnSessionUnitTest@6cd64ee8]" name="performAuthTest" duration-ms="41" started-at="2019-02-25T15:13:27Z" data-provider="testData" finished-at="2019-02-25T15:13:27Z">
          <params>
            <param index="0">
              <value>
                <![CDATA[xbox]]>
              </value>
            </param>
            <param index="1">
              <value is-null="true"/>
            </param>
          </params>
          <reporter-output>
          </reporter-output>
        </test-method> <!-- performAuthTest -->
        <test-method status="PASS" signature="resetMocks()[pri:0, instance:com.namazustudios.socialengine.LuaGameOnSessionUnitTest@6cd64ee8]" name="resetMocks" is-config="true" duration-ms="0" started-at="2019-02-25T15:13:27Z" finished-at="2019-02-25T15:13:27Z">
          <reporter-output>
          </reporter-output>
        </test-method> <!-- resetMocks -->
        <test-method status="PASS" signature="performAuthTest(com.namazustudios.socialengine.model.gameon.game.DeviceOSType, com.namazustudios.socialengine.model.gameon.game.AppBuildType)[pri:0, instance:com.namazustudios.socialengine.LuaGameOnSessionUnitTest@6cd64ee8]" name="performAuthTest" duration-ms="36" started-at="2019-02-25T15:13:27Z" data-provider="testData" finished-at="2019-02-25T15:13:27Z">
          <params>
            <param index="0">
              <value>
                <![CDATA[playstation]]>
              </value>
            </param>
            <param index="1">
              <value is-null="true"/>
            </param>
          </params>
          <reporter-output>
          </reporter-output>
        </test-method> <!-- performAuthTest -->
        <test-method status="PASS" signature="resetMocks()[pri:0, instance:com.namazustudios.socialengine.LuaGameOnSessionUnitTest@6cd64ee8]" name="resetMocks" is-config="true" duration-ms="0" started-at="2019-02-25T15:13:27Z" finished-at="2019-02-25T15:13:27Z">
          <reporter-output>
          </reporter-output>
        </test-method> <!-- resetMocks -->
        <test-method status="PASS" signature="performAuthTest(com.namazustudios.socialengine.model.gameon.game.DeviceOSType, com.namazustudios.socialengine.model.gameon.game.AppBuildType)[pri:0, instance:com.namazustudios.socialengine.LuaGameOnSessionUnitTest@6cd64ee8]" name="performAuthTest" duration-ms="56" started-at="2019-02-25T15:13:27Z" data-provider="testData" finished-at="2019-02-25T15:13:27Z">
          <params>
            <param index="0">
              <value>
                <![CDATA[nintendo]]>
              </value>
            </param>
            <param index="1">
              <value is-null="true"/>
            </param>
          </params>
          <reporter-output>
          </reporter-output>
        </test-method> <!-- performAuthTest -->
        <test-method status="PASS" signature="resetMocks()[pri:0, instance:com.namazustudios.socialengine.LuaGameOnSessionUnitTest@6cd64ee8]" name="resetMocks" is-config="true" duration-ms="0" started-at="2019-02-25T15:13:27Z" finished-at="2019-02-25T15:13:27Z">
          <reporter-output>
          </reporter-output>
        </test-method> <!-- resetMocks -->
        <test-method status="PASS" signature="performAuthTest(com.namazustudios.socialengine.model.gameon.game.DeviceOSType, com.namazustudios.socialengine.model.gameon.game.AppBuildType)[pri:0, instance:com.namazustudios.socialengine.LuaGameOnSessionUnitTest@6cd64ee8]" name="performAuthTest" duration-ms="58" started-at="2019-02-25T15:13:27Z" data-provider="testData" finished-at="2019-02-25T15:13:27Z">
          <params>
            <param index="0">
              <value>
                <![CDATA[html]]>
              </value>
            </param>
            <param index="1">
              <value is-null="true"/>
            </param>
          </params>
          <reporter-output>
          </reporter-output>
        </test-method> <!-- performAuthTest -->
        <test-method status="PASS" signature="performAuthTest(com.namazustudios.socialengine.model.gameon.game.DeviceOSType, com.namazustudios.socialengine.model.gameon.game.AppBuildType)[pri:0, instance:com.namazustudios.socialengine.LuaGameOnSessionUnitTest@6cd64ee8]" name="performAuthTest" duration-ms="37" started-at="2019-02-25T15:13:27Z" data-provider="testData" finished-at="2019-02-25T15:13:27Z">
          <params>
            <param index="0">
              <value is-null="true"/>
            </param>
            <param index="1">
              <value>
                <![CDATA[development]]>
              </value>
            </param>
          </params>
          <reporter-output>
          </reporter-output>
        </test-method> <!-- performAuthTest -->
        <test-method status="PASS" signature="resetMocks()[pri:0, instance:com.namazustudios.socialengine.LuaGameOnSessionUnitTest@6cd64ee8]" name="resetMocks" is-config="true" duration-ms="0" started-at="2019-02-25T15:13:27Z" finished-at="2019-02-25T15:13:27Z">
          <reporter-output>
          </reporter-output>
        </test-method> <!-- resetMocks -->
        <test-method status="PASS" signature="resetMocks()[pri:0, instance:com.namazustudios.socialengine.LuaGameOnSessionUnitTest@6cd64ee8]" name="resetMocks" is-config="true" duration-ms="0" started-at="2019-02-25T15:13:27Z" finished-at="2019-02-25T15:13:27Z">
          <reporter-output>
          </reporter-output>
        </test-method> <!-- resetMocks -->
        <test-method status="PASS" signature="performAuthTest(com.namazustudios.socialengine.model.gameon.game.DeviceOSType, com.namazustudios.socialengine.model.gameon.game.AppBuildType)[pri:0, instance:com.namazustudios.socialengine.LuaGameOnSessionUnitTest@6cd64ee8]" name="performAuthTest" duration-ms="38" started-at="2019-02-25T15:13:27Z" data-provider="testData" finished-at="2019-02-25T15:13:27Z">
          <params>
            <param index="0">
              <value is-null="true"/>
            </param>
            <param index="1">
              <value>
                <![CDATA[release]]>
              </value>
            </param>
          </params>
          <reporter-output>
          </reporter-output>
        </test-method> <!-- performAuthTest -->
        <test-method status="PASS" signature="performAuthTest(com.namazustudios.socialengine.model.gameon.game.DeviceOSType, com.namazustudios.socialengine.model.gameon.game.AppBuildType)[pri:0, instance:com.namazustudios.socialengine.LuaGameOnSessionUnitTest@6cd64ee8]" name="performAuthTest" duration-ms="44" started-at="2019-02-25T15:13:27Z" data-provider="testData" finished-at="2019-02-25T15:13:27Z">
          <params>
            <param index="0">
              <value is-null="true"/>
            </param>
            <param index="1">
              <value is-null="true"/>
            </param>
          </params>
          <reporter-output>
          </reporter-output>
        </test-method> <!-- performAuthTest -->
        <test-method status="PASS" signature="resetMocks()[pri:0, instance:com.namazustudios.socialengine.LuaGameOnSessionUnitTest@6cd64ee8]" name="resetMocks" is-config="true" duration-ms="0" started-at="2019-02-25T15:13:27Z" finished-at="2019-02-25T15:13:27Z">
          <reporter-output>
          </reporter-output>
        </test-method> <!-- resetMocks -->
        <test-method status="PASS" signature="resetMocks()[pri:0, instance:com.namazustudios.socialengine.LuaGameOnSessionUnitTest@6cd64ee8]" name="resetMocks" is-config="true" duration-ms="0" started-at="2019-02-25T15:13:27Z" finished-at="2019-02-25T15:13:27Z">
          <reporter-output>
          </reporter-output>
        </test-method> <!-- resetMocks -->
        <test-method status="PASS" signature="performMatchClientTest()[pri:0, instance:com.namazustudios.socialengine.LuaGameOnSessionUnitTest@6cd64ee8]" name="performMatchClientTest" duration-ms="41" started-at="2019-02-25T15:13:27Z" finished-at="2019-02-25T15:13:28Z">
          <reporter-output>
          </reporter-output>
        </test-method> <!-- performMatchClientTest -->
        <test-method status="PASS" signature="resetMocks()[pri:0, instance:com.namazustudios.socialengine.LuaGameOnSessionUnitTest@6cd64ee8]" name="resetMocks" is-config="true" duration-ms="0" started-at="2019-02-25T15:13:28Z" finished-at="2019-02-25T15:13:28Z">
          <reporter-output>
          </reporter-output>
        </test-method> <!-- resetMocks -->
        <test-method status="PASS" signature="performRefreshFailureTest(com.namazustudios.socialengine.model.gameon.game.DeviceOSType, com.namazustudios.socialengine.model.gameon.game.AppBuildType)[pri:0, instance:com.namazustudios.socialengine.LuaGameOnSessionUnitTest@6cd64ee8]" name="performRefreshFailureTest" duration-ms="48" started-at="2019-02-25T15:13:28Z" data-provider="testData" finished-at="2019-02-25T15:13:28Z">
          <params>
            <param index="0">
              <value>
                <![CDATA[fireos]]>
              </value>
            </param>
            <param index="1">
              <value>
                <![CDATA[development]]>
              </value>
            </param>
          </params>
          <reporter-output>
          </reporter-output>
        </test-method> <!-- performRefreshFailureTest -->
        <test-method status="PASS" signature="resetMocks()[pri:0, instance:com.namazustudios.socialengine.LuaGameOnSessionUnitTest@6cd64ee8]" name="resetMocks" is-config="true" duration-ms="0" started-at="2019-02-25T15:13:28Z" finished-at="2019-02-25T15:13:28Z">
          <reporter-output>
          </reporter-output>
        </test-method> <!-- resetMocks -->
        <test-method status="PASS" signature="performRefreshFailureTest(com.namazustudios.socialengine.model.gameon.game.DeviceOSType, com.namazustudios.socialengine.model.gameon.game.AppBuildType)[pri:0, instance:com.namazustudios.socialengine.LuaGameOnSessionUnitTest@6cd64ee8]" name="performRefreshFailureTest" duration-ms="37" started-at="2019-02-25T15:13:28Z" data-provider="testData" finished-at="2019-02-25T15:13:28Z">
          <params>
            <param index="0">
              <value>
                <![CDATA[fireos]]>
              </value>
            </param>
            <param index="1">
              <value>
                <![CDATA[release]]>
              </value>
            </param>
          </params>
          <reporter-output>
          </reporter-output>
        </test-method> <!-- performRefreshFailureTest -->
        <test-method status="PASS" signature="resetMocks()[pri:0, instance:com.namazustudios.socialengine.LuaGameOnSessionUnitTest@6cd64ee8]" name="resetMocks" is-config="true" duration-ms="1" started-at="2019-02-25T15:13:28Z" finished-at="2019-02-25T15:13:28Z">
          <reporter-output>
          </reporter-output>
        </test-method> <!-- resetMocks -->
        <test-method status="PASS" signature="performRefreshFailureTest(com.namazustudios.socialengine.model.gameon.game.DeviceOSType, com.namazustudios.socialengine.model.gameon.game.AppBuildType)[pri:0, instance:com.namazustudios.socialengine.LuaGameOnSessionUnitTest@6cd64ee8]" name="performRefreshFailureTest" duration-ms="33" started-at="2019-02-25T15:13:28Z" data-provider="testData" finished-at="2019-02-25T15:13:28Z">
          <params>
            <param index="0">
              <value>
                <![CDATA[android]]>
              </value>
            </param>
            <param index="1">
              <value>
                <![CDATA[development]]>
              </value>
            </param>
          </params>
          <reporter-output>
          </reporter-output>
        </test-method> <!-- performRefreshFailureTest -->
        <test-method status="PASS" signature="resetMocks()[pri:0, instance:com.namazustudios.socialengine.LuaGameOnSessionUnitTest@6cd64ee8]" name="resetMocks" is-config="true" duration-ms="0" started-at="2019-02-25T15:13:28Z" finished-at="2019-02-25T15:13:28Z">
          <reporter-output>
          </reporter-output>
        </test-method> <!-- resetMocks -->
        <test-method status="PASS" signature="performRefreshFailureTest(com.namazustudios.socialengine.model.gameon.game.DeviceOSType, com.namazustudios.socialengine.model.gameon.game.AppBuildType)[pri:0, instance:com.namazustudios.socialengine.LuaGameOnSessionUnitTest@6cd64ee8]" name="performRefreshFailureTest" duration-ms="35" started-at="2019-02-25T15:13:28Z" data-provider="testData" finished-at="2019-02-25T15:13:28Z">
          <params>
            <param index="0">
              <value>
                <![CDATA[android]]>
              </value>
            </param>
            <param index="1">
              <value>
                <![CDATA[release]]>
              </value>
            </param>
          </params>
          <reporter-output>
          </reporter-output>
        </test-method> <!-- performRefreshFailureTest -->
        <test-method status="PASS" signature="resetMocks()[pri:0, instance:com.namazustudios.socialengine.LuaGameOnSessionUnitTest@6cd64ee8]" name="resetMocks" is-config="true" duration-ms="0" started-at="2019-02-25T15:13:28Z" finished-at="2019-02-25T15:13:28Z">
          <reporter-output>
          </reporter-output>
        </test-method> <!-- resetMocks -->
        <test-method status="PASS" signature="performRefreshFailureTest(com.namazustudios.socialengine.model.gameon.game.DeviceOSType, com.namazustudios.socialengine.model.gameon.game.AppBuildType)[pri:0, instance:com.namazustudios.socialengine.LuaGameOnSessionUnitTest@6cd64ee8]" name="performRefreshFailureTest" duration-ms="32" started-at="2019-02-25T15:13:28Z" data-provider="testData" finished-at="2019-02-25T15:13:28Z">
          <params>
            <param index="0">
              <value>
                <![CDATA[ios]]>
              </value>
            </param>
            <param index="1">
              <value>
                <![CDATA[development]]>
              </value>
            </param>
          </params>
          <reporter-output>
          </reporter-output>
        </test-method> <!-- performRefreshFailureTest -->
        <test-method status="PASS" signature="performRefreshFailureTest(com.namazustudios.socialengine.model.gameon.game.DeviceOSType, com.namazustudios.socialengine.model.gameon.game.AppBuildType)[pri:0, instance:com.namazustudios.socialengine.LuaGameOnSessionUnitTest@6cd64ee8]" name="performRefreshFailureTest" duration-ms="32" started-at="2019-02-25T15:13:28Z" data-provider="testData" finished-at="2019-02-25T15:13:28Z">
          <params>
            <param index="0">
              <value>
                <![CDATA[ios]]>
              </value>
            </param>
            <param index="1">
              <value>
                <![CDATA[release]]>
              </value>
            </param>
          </params>
          <reporter-output>
          </reporter-output>
        </test-method> <!-- performRefreshFailureTest -->
        <test-method status="PASS" signature="resetMocks()[pri:0, instance:com.namazustudios.socialengine.LuaGameOnSessionUnitTest@6cd64ee8]" name="resetMocks" is-config="true" duration-ms="0" started-at="2019-02-25T15:13:28Z" finished-at="2019-02-25T15:13:28Z">
          <reporter-output>
          </reporter-output>
        </test-method> <!-- resetMocks -->
        <test-method status="PASS" signature="resetMocks()[pri:0, instance:com.namazustudios.socialengine.LuaGameOnSessionUnitTest@6cd64ee8]" name="resetMocks" is-config="true" duration-ms="0" started-at="2019-02-25T15:13:28Z" finished-at="2019-02-25T15:13:28Z">
          <reporter-output>
          </reporter-output>
        </test-method> <!-- resetMocks -->
        <test-method status="PASS" signature="performRefreshFailureTest(com.namazustudios.socialengine.model.gameon.game.DeviceOSType, com.namazustudios.socialengine.model.gameon.game.AppBuildType)[pri:0, instance:com.namazustudios.socialengine.LuaGameOnSessionUnitTest@6cd64ee8]" name="performRefreshFailureTest" duration-ms="30" started-at="2019-02-25T15:13:28Z" data-provider="testData" finished-at="2019-02-25T15:13:28Z">
          <params>
            <param index="0">
              <value>
                <![CDATA[pc]]>
              </value>
            </param>
            <param index="1">
              <value>
                <![CDATA[development]]>
              </value>
            </param>
          </params>
          <reporter-output>
          </reporter-output>
        </test-method> <!-- performRefreshFailureTest -->
        <test-method status="PASS" signature="performRefreshFailureTest(com.namazustudios.socialengine.model.gameon.game.DeviceOSType, com.namazustudios.socialengine.model.gameon.game.AppBuildType)[pri:0, instance:com.namazustudios.socialengine.LuaGameOnSessionUnitTest@6cd64ee8]" name="performRefreshFailureTest" duration-ms="38" started-at="2019-02-25T15:13:28Z" data-provider="testData" finished-at="2019-02-25T15:13:28Z">
          <params>
            <param index="0">
              <value>
                <![CDATA[pc]]>
              </value>
            </param>
            <param index="1">
              <value>
                <![CDATA[release]]>
              </value>
            </param>
          </params>
          <reporter-output>
          </reporter-output>
        </test-method> <!-- performRefreshFailureTest -->
        <test-method status="PASS" signature="resetMocks()[pri:0, instance:com.namazustudios.socialengine.LuaGameOnSessionUnitTest@6cd64ee8]" name="resetMocks" is-config="true" duration-ms="0" started-at="2019-02-25T15:13:28Z" finished-at="2019-02-25T15:13:28Z">
          <reporter-output>
          </reporter-output>
        </test-method> <!-- resetMocks -->
        <test-method status="PASS" signature="resetMocks()[pri:0, instance:com.namazustudios.socialengine.LuaGameOnSessionUnitTest@6cd64ee8]" name="resetMocks" is-config="true" duration-ms="1" started-at="2019-02-25T15:13:28Z" finished-at="2019-02-25T15:13:28Z">
          <reporter-output>
          </reporter-output>
        </test-method> <!-- resetMocks -->
        <test-method status="PASS" signature="performRefreshFailureTest(com.namazustudios.socialengine.model.gameon.game.DeviceOSType, com.namazustudios.socialengine.model.gameon.game.AppBuildType)[pri:0, instance:com.namazustudios.socialengine.LuaGameOnSessionUnitTest@6cd64ee8]" name="performRefreshFailureTest" duration-ms="31" started-at="2019-02-25T15:13:28Z" data-provider="testData" finished-at="2019-02-25T15:13:28Z">
          <params>
            <param index="0">
              <value>
                <![CDATA[mac]]>
              </value>
            </param>
            <param index="1">
              <value>
                <![CDATA[development]]>
              </value>
            </param>
          </params>
          <reporter-output>
          </reporter-output>
        </test-method> <!-- performRefreshFailureTest -->
        <test-method status="PASS" signature="performRefreshFailureTest(com.namazustudios.socialengine.model.gameon.game.DeviceOSType, com.namazustudios.socialengine.model.gameon.game.AppBuildType)[pri:0, instance:com.namazustudios.socialengine.LuaGameOnSessionUnitTest@6cd64ee8]" name="performRefreshFailureTest" duration-ms="32" started-at="2019-02-25T15:13:28Z" data-provider="testData" finished-at="2019-02-25T15:13:28Z">
          <params>
            <param index="0">
              <value>
                <![CDATA[mac]]>
              </value>
            </param>
            <param index="1">
              <value>
                <![CDATA[release]]>
              </value>
            </param>
          </params>
          <reporter-output>
          </reporter-output>
        </test-method> <!-- performRefreshFailureTest -->
        <test-method status="PASS" signature="resetMocks()[pri:0, instance:com.namazustudios.socialengine.LuaGameOnSessionUnitTest@6cd64ee8]" name="resetMocks" is-config="true" duration-ms="0" started-at="2019-02-25T15:13:28Z" finished-at="2019-02-25T15:13:28Z">
          <reporter-output>
          </reporter-output>
        </test-method> <!-- resetMocks -->
        <test-method status="PASS" signature="performRefreshFailureTest(com.namazustudios.socialengine.model.gameon.game.DeviceOSType, com.namazustudios.socialengine.model.gameon.game.AppBuildType)[pri:0, instance:com.namazustudios.socialengine.LuaGameOnSessionUnitTest@6cd64ee8]" name="performRefreshFailureTest" duration-ms="30" started-at="2019-02-25T15:13:28Z" data-provider="testData" finished-at="2019-02-25T15:13:28Z">
          <params>
            <param index="0">
              <value>
                <![CDATA[linux]]>
              </value>
            </param>
            <param index="1">
              <value>
                <![CDATA[development]]>
              </value>
            </param>
          </params>
          <reporter-output>
          </reporter-output>
        </test-method> <!-- performRefreshFailureTest -->
        <test-method status="PASS" signature="resetMocks()[pri:0, instance:com.namazustudios.socialengine.LuaGameOnSessionUnitTest@6cd64ee8]" name="resetMocks" is-config="true" duration-ms="0" started-at="2019-02-25T15:13:28Z" finished-at="2019-02-25T15:13:28Z">
          <reporter-output>
          </reporter-output>
        </test-method> <!-- resetMocks -->
        <test-method status="PASS" signature="resetMocks()[pri:0, instance:com.namazustudios.socialengine.LuaGameOnSessionUnitTest@6cd64ee8]" name="resetMocks" is-config="true" duration-ms="0" started-at="2019-02-25T15:13:28Z" finished-at="2019-02-25T15:13:28Z">
          <reporter-output>
          </reporter-output>
        </test-method> <!-- resetMocks -->
        <test-method status="PASS" signature="performRefreshFailureTest(com.namazustudios.socialengine.model.gameon.game.DeviceOSType, com.namazustudios.socialengine.model.gameon.game.AppBuildType)[pri:0, instance:com.namazustudios.socialengine.LuaGameOnSessionUnitTest@6cd64ee8]" name="performRefreshFailureTest" duration-ms="31" started-at="2019-02-25T15:13:28Z" data-provider="testData" finished-at="2019-02-25T15:13:28Z">
          <params>
            <param index="0">
              <value>
                <![CDATA[linux]]>
              </value>
            </param>
            <param index="1">
              <value>
                <![CDATA[release]]>
              </value>
            </param>
          </params>
          <reporter-output>
          </reporter-output>
        </test-method> <!-- performRefreshFailureTest -->
        <test-method status="PASS" signature="performRefreshFailureTest(com.namazustudios.socialengine.model.gameon.game.DeviceOSType, com.namazustudios.socialengine.model.gameon.game.AppBuildType)[pri:0, instance:com.namazustudios.socialengine.LuaGameOnSessionUnitTest@6cd64ee8]" name="performRefreshFailureTest" duration-ms="30" started-at="2019-02-25T15:13:28Z" data-provider="testData" finished-at="2019-02-25T15:13:28Z">
          <params>
            <param index="0">
              <value>
                <![CDATA[xbox]]>
              </value>
            </param>
            <param index="1">
              <value>
                <![CDATA[development]]>
              </value>
            </param>
          </params>
          <reporter-output>
          </reporter-output>
        </test-method> <!-- performRefreshFailureTest -->
        <test-method status="PASS" signature="resetMocks()[pri:0, instance:com.namazustudios.socialengine.LuaGameOnSessionUnitTest@6cd64ee8]" name="resetMocks" is-config="true" duration-ms="0" started-at="2019-02-25T15:13:28Z" finished-at="2019-02-25T15:13:28Z">
          <reporter-output>
          </reporter-output>
        </test-method> <!-- resetMocks -->
        <test-method status="PASS" signature="resetMocks()[pri:0, instance:com.namazustudios.socialengine.LuaGameOnSessionUnitTest@6cd64ee8]" name="resetMocks" is-config="true" duration-ms="1" started-at="2019-02-25T15:13:28Z" finished-at="2019-02-25T15:13:28Z">
          <reporter-output>
          </reporter-output>
        </test-method> <!-- resetMocks -->
        <test-method status="PASS" signature="performRefreshFailureTest(com.namazustudios.socialengine.model.gameon.game.DeviceOSType, com.namazustudios.socialengine.model.gameon.game.AppBuildType)[pri:0, instance:com.namazustudios.socialengine.LuaGameOnSessionUnitTest@6cd64ee8]" name="performRefreshFailureTest" duration-ms="30" started-at="2019-02-25T15:13:28Z" data-provider="testData" finished-at="2019-02-25T15:13:28Z">
          <params>
            <param index="0">
              <value>
                <![CDATA[xbox]]>
              </value>
            </param>
            <param index="1">
              <value>
                <![CDATA[release]]>
              </value>
            </param>
          </params>
          <reporter-output>
          </reporter-output>
        </test-method> <!-- performRefreshFailureTest -->
        <test-method status="PASS" signature="performRefreshFailureTest(com.namazustudios.socialengine.model.gameon.game.DeviceOSType, com.namazustudios.socialengine.model.gameon.game.AppBuildType)[pri:0, instance:com.namazustudios.socialengine.LuaGameOnSessionUnitTest@6cd64ee8]" name="performRefreshFailureTest" duration-ms="31" started-at="2019-02-25T15:13:28Z" data-provider="testData" finished-at="2019-02-25T15:13:28Z">
          <params>
            <param index="0">
              <value>
                <![CDATA[playstation]]>
              </value>
            </param>
            <param index="1">
              <value>
                <![CDATA[development]]>
              </value>
            </param>
          </params>
          <reporter-output>
          </reporter-output>
        </test-method> <!-- performRefreshFailureTest -->
        <test-method status="PASS" signature="resetMocks()[pri:0, instance:com.namazustudios.socialengine.LuaGameOnSessionUnitTest@6cd64ee8]" name="resetMocks" is-config="true" duration-ms="0" started-at="2019-02-25T15:13:28Z" finished-at="2019-02-25T15:13:28Z">
          <reporter-output>
          </reporter-output>
        </test-method> <!-- resetMocks -->
        <test-method status="PASS" signature="performRefreshFailureTest(com.namazustudios.socialengine.model.gameon.game.DeviceOSType, com.namazustudios.socialengine.model.gameon.game.AppBuildType)[pri:0, instance:com.namazustudios.socialengine.LuaGameOnSessionUnitTest@6cd64ee8]" name="performRefreshFailureTest" duration-ms="31" started-at="2019-02-25T15:13:28Z" data-provider="testData" finished-at="2019-02-25T15:13:28Z">
          <params>
            <param index="0">
              <value>
                <![CDATA[playstation]]>
              </value>
            </param>
            <param index="1">
              <value>
                <![CDATA[release]]>
              </value>
            </param>
          </params>
          <reporter-output>
          </reporter-output>
        </test-method> <!-- performRefreshFailureTest -->
        <test-method status="PASS" signature="resetMocks()[pri:0, instance:com.namazustudios.socialengine.LuaGameOnSessionUnitTest@6cd64ee8]" name="resetMocks" is-config="true" duration-ms="0" started-at="2019-02-25T15:13:28Z" finished-at="2019-02-25T15:13:28Z">
          <reporter-output>
          </reporter-output>
        </test-method> <!-- resetMocks -->
        <test-method status="PASS" signature="resetMocks()[pri:0, instance:com.namazustudios.socialengine.LuaGameOnSessionUnitTest@6cd64ee8]" name="resetMocks" is-config="true" duration-ms="0" started-at="2019-02-25T15:13:28Z" finished-at="2019-02-25T15:13:28Z">
          <reporter-output>
          </reporter-output>
        </test-method> <!-- resetMocks -->
        <test-method status="PASS" signature="performRefreshFailureTest(com.namazustudios.socialengine.model.gameon.game.DeviceOSType, com.namazustudios.socialengine.model.gameon.game.AppBuildType)[pri:0, instance:com.namazustudios.socialengine.LuaGameOnSessionUnitTest@6cd64ee8]" name="performRefreshFailureTest" duration-ms="32" started-at="2019-02-25T15:13:28Z" data-provider="testData" finished-at="2019-02-25T15:13:28Z">
          <params>
            <param index="0">
              <value>
                <![CDATA[nintendo]]>
              </value>
            </param>
            <param index="1">
              <value>
                <![CDATA[development]]>
              </value>
            </param>
          </params>
          <reporter-output>
          </reporter-output>
        </test-method> <!-- performRefreshFailureTest -->
        <test-method status="PASS" signature="performRefreshFailureTest(com.namazustudios.socialengine.model.gameon.game.DeviceOSType, com.namazustudios.socialengine.model.gameon.game.AppBuildType)[pri:0, instance:com.namazustudios.socialengine.LuaGameOnSessionUnitTest@6cd64ee8]" name="performRefreshFailureTest" duration-ms="32" started-at="2019-02-25T15:13:28Z" data-provider="testData" finished-at="2019-02-25T15:13:28Z">
          <params>
            <param index="0">
              <value>
                <![CDATA[nintendo]]>
              </value>
            </param>
            <param index="1">
              <value>
                <![CDATA[release]]>
              </value>
            </param>
          </params>
          <reporter-output>
          </reporter-output>
        </test-method> <!-- performRefreshFailureTest -->
        <test-method status="PASS" signature="resetMocks()[pri:0, instance:com.namazustudios.socialengine.LuaGameOnSessionUnitTest@6cd64ee8]" name="resetMocks" is-config="true" duration-ms="0" started-at="2019-02-25T15:13:28Z" finished-at="2019-02-25T15:13:28Z">
          <reporter-output>
          </reporter-output>
        </test-method> <!-- resetMocks -->
        <test-method status="PASS" signature="performRefreshFailureTest(com.namazustudios.socialengine.model.gameon.game.DeviceOSType, com.namazustudios.socialengine.model.gameon.game.AppBuildType)[pri:0, instance:com.namazustudios.socialengine.LuaGameOnSessionUnitTest@6cd64ee8]" name="performRefreshFailureTest" duration-ms="33" started-at="2019-02-25T15:13:28Z" data-provider="testData" finished-at="2019-02-25T15:13:28Z">
          <params>
            <param index="0">
              <value>
                <![CDATA[html]]>
              </value>
            </param>
            <param index="1">
              <value>
                <![CDATA[development]]>
              </value>
            </param>
          </params>
          <reporter-output>
          </reporter-output>
        </test-method> <!-- performRefreshFailureTest -->
        <test-method status="PASS" signature="resetMocks()[pri:0, instance:com.namazustudios.socialengine.LuaGameOnSessionUnitTest@6cd64ee8]" name="resetMocks" is-config="true" duration-ms="0" started-at="2019-02-25T15:13:28Z" finished-at="2019-02-25T15:13:28Z">
          <reporter-output>
          </reporter-output>
        </test-method> <!-- resetMocks -->
        <test-method status="PASS" signature="performRefreshFailureTest(com.namazustudios.socialengine.model.gameon.game.DeviceOSType, com.namazustudios.socialengine.model.gameon.game.AppBuildType)[pri:0, instance:com.namazustudios.socialengine.LuaGameOnSessionUnitTest@6cd64ee8]" name="performRefreshFailureTest" duration-ms="36" started-at="2019-02-25T15:13:28Z" data-provider="testData" finished-at="2019-02-25T15:13:28Z">
          <params>
            <param index="0">
              <value>
                <![CDATA[html]]>
              </value>
            </param>
            <param index="1">
              <value>
                <![CDATA[release]]>
              </value>
            </param>
          </params>
          <reporter-output>
          </reporter-output>
        </test-method> <!-- performRefreshFailureTest -->
        <test-method status="PASS" signature="resetMocks()[pri:0, instance:com.namazustudios.socialengine.LuaGameOnSessionUnitTest@6cd64ee8]" name="resetMocks" is-config="true" duration-ms="0" started-at="2019-02-25T15:13:28Z" finished-at="2019-02-25T15:13:28Z">
          <reporter-output>
          </reporter-output>
        </test-method> <!-- resetMocks -->
        <test-method status="PASS" signature="resetMocks()[pri:0, instance:com.namazustudios.socialengine.LuaGameOnSessionUnitTest@6cd64ee8]" name="resetMocks" is-config="true" duration-ms="0" started-at="2019-02-25T15:13:28Z" finished-at="2019-02-25T15:13:28Z">
          <reporter-output>
          </reporter-output>
        </test-method> <!-- resetMocks -->
        <test-method status="PASS" signature="performRefreshFailureTest(com.namazustudios.socialengine.model.gameon.game.DeviceOSType, com.namazustudios.socialengine.model.gameon.game.AppBuildType)[pri:0, instance:com.namazustudios.socialengine.LuaGameOnSessionUnitTest@6cd64ee8]" name="performRefreshFailureTest" duration-ms="34" started-at="2019-02-25T15:13:28Z" data-provider="testData" finished-at="2019-02-25T15:13:28Z">
          <params>
            <param index="0">
              <value>
                <![CDATA[fireos]]>
              </value>
            </param>
            <param index="1">
              <value is-null="true"/>
            </param>
          </params>
          <reporter-output>
          </reporter-output>
        </test-method> <!-- performRefreshFailureTest -->
        <test-method status="PASS" signature="resetMocks()[pri:0, instance:com.namazustudios.socialengine.LuaGameOnSessionUnitTest@6cd64ee8]" name="resetMocks" is-config="true" duration-ms="1" started-at="2019-02-25T15:13:28Z" finished-at="2019-02-25T15:13:28Z">
          <reporter-output>
          </reporter-output>
        </test-method> <!-- resetMocks -->
        <test-method status="PASS" signature="performRefreshFailureTest(com.namazustudios.socialengine.model.gameon.game.DeviceOSType, com.namazustudios.socialengine.model.gameon.game.AppBuildType)[pri:0, instance:com.namazustudios.socialengine.LuaGameOnSessionUnitTest@6cd64ee8]" name="performRefreshFailureTest" duration-ms="33" started-at="2019-02-25T15:13:28Z" data-provider="testData" finished-at="2019-02-25T15:13:28Z">
          <params>
            <param index="0">
              <value>
                <![CDATA[android]]>
              </value>
            </param>
            <param index="1">
              <value is-null="true"/>
            </param>
          </params>
          <reporter-output>
          </reporter-output>
        </test-method> <!-- performRefreshFailureTest -->
        <test-method status="PASS" signature="performRefreshFailureTest(com.namazustudios.socialengine.model.gameon.game.DeviceOSType, com.namazustudios.socialengine.model.gameon.game.AppBuildType)[pri:0, instance:com.namazustudios.socialengine.LuaGameOnSessionUnitTest@6cd64ee8]" name="performRefreshFailureTest" duration-ms="32" started-at="2019-02-25T15:13:28Z" data-provider="testData" finished-at="2019-02-25T15:13:28Z">
          <params>
            <param index="0">
              <value>
                <![CDATA[ios]]>
              </value>
            </param>
            <param index="1">
              <value is-null="true"/>
            </param>
          </params>
          <reporter-output>
          </reporter-output>
        </test-method> <!-- performRefreshFailureTest -->
        <test-method status="PASS" signature="resetMocks()[pri:0, instance:com.namazustudios.socialengine.LuaGameOnSessionUnitTest@6cd64ee8]" name="resetMocks" is-config="true" duration-ms="0" started-at="2019-02-25T15:13:28Z" finished-at="2019-02-25T15:13:28Z">
          <reporter-output>
          </reporter-output>
        </test-method> <!-- resetMocks -->
        <test-method status="PASS" signature="resetMocks()[pri:0, instance:com.namazustudios.socialengine.LuaGameOnSessionUnitTest@6cd64ee8]" name="resetMocks" is-config="true" duration-ms="0" started-at="2019-02-25T15:13:28Z" finished-at="2019-02-25T15:13:28Z">
          <reporter-output>
          </reporter-output>
        </test-method> <!-- resetMocks -->
        <test-method status="PASS" signature="performRefreshFailureTest(com.namazustudios.socialengine.model.gameon.game.DeviceOSType, com.namazustudios.socialengine.model.gameon.game.AppBuildType)[pri:0, instance:com.namazustudios.socialengine.LuaGameOnSessionUnitTest@6cd64ee8]" name="performRefreshFailureTest" duration-ms="31" started-at="2019-02-25T15:13:28Z" data-provider="testData" finished-at="2019-02-25T15:13:28Z">
          <params>
            <param index="0">
              <value>
                <![CDATA[pc]]>
              </value>
            </param>
            <param index="1">
              <value is-null="true"/>
            </param>
          </params>
          <reporter-output>
          </reporter-output>
        </test-method> <!-- performRefreshFailureTest -->
        <test-method status="PASS" signature="performRefreshFailureTest(com.namazustudios.socialengine.model.gameon.game.DeviceOSType, com.namazustudios.socialengine.model.gameon.game.AppBuildType)[pri:0, instance:com.namazustudios.socialengine.LuaGameOnSessionUnitTest@6cd64ee8]" name="performRefreshFailureTest" duration-ms="31" started-at="2019-02-25T15:13:28Z" data-provider="testData" finished-at="2019-02-25T15:13:28Z">
          <params>
            <param index="0">
              <value>
                <![CDATA[mac]]>
              </value>
            </param>
            <param index="1">
              <value is-null="true"/>
            </param>
          </params>
          <reporter-output>
          </reporter-output>
        </test-method> <!-- performRefreshFailureTest -->
        <test-method status="PASS" signature="resetMocks()[pri:0, instance:com.namazustudios.socialengine.LuaGameOnSessionUnitTest@6cd64ee8]" name="resetMocks" is-config="true" duration-ms="0" started-at="2019-02-25T15:13:28Z" finished-at="2019-02-25T15:13:28Z">
          <reporter-output>
          </reporter-output>
        </test-method> <!-- resetMocks -->
        <test-method status="PASS" signature="resetMocks()[pri:0, instance:com.namazustudios.socialengine.LuaGameOnSessionUnitTest@6cd64ee8]" name="resetMocks" is-config="true" duration-ms="1" started-at="2019-02-25T15:13:28Z" finished-at="2019-02-25T15:13:28Z">
          <reporter-output>
          </reporter-output>
        </test-method> <!-- resetMocks -->
        <test-method status="PASS" signature="performRefreshFailureTest(com.namazustudios.socialengine.model.gameon.game.DeviceOSType, com.namazustudios.socialengine.model.gameon.game.AppBuildType)[pri:0, instance:com.namazustudios.socialengine.LuaGameOnSessionUnitTest@6cd64ee8]" name="performRefreshFailureTest" duration-ms="29" started-at="2019-02-25T15:13:28Z" data-provider="testData" finished-at="2019-02-25T15:13:28Z">
          <params>
            <param index="0">
              <value>
                <![CDATA[linux]]>
              </value>
            </param>
            <param index="1">
              <value is-null="true"/>
            </param>
          </params>
          <reporter-output>
          </reporter-output>
        </test-method> <!-- performRefreshFailureTest -->
        <test-method status="PASS" signature="resetMocks()[pri:0, instance:com.namazustudios.socialengine.LuaGameOnSessionUnitTest@6cd64ee8]" name="resetMocks" is-config="true" duration-ms="0" started-at="2019-02-25T15:13:28Z" finished-at="2019-02-25T15:13:28Z">
          <reporter-output>
          </reporter-output>
        </test-method> <!-- resetMocks -->
        <test-method status="PASS" signature="performRefreshFailureTest(com.namazustudios.socialengine.model.gameon.game.DeviceOSType, com.namazustudios.socialengine.model.gameon.game.AppBuildType)[pri:0, instance:com.namazustudios.socialengine.LuaGameOnSessionUnitTest@6cd64ee8]" name="performRefreshFailureTest" duration-ms="31" started-at="2019-02-25T15:13:28Z" data-provider="testData" finished-at="2019-02-25T15:13:28Z">
          <params>
            <param index="0">
              <value>
                <![CDATA[xbox]]>
              </value>
            </param>
            <param index="1">
              <value is-null="true"/>
            </param>
          </params>
          <reporter-output>
          </reporter-output>
        </test-method> <!-- performRefreshFailureTest -->
        <test-method status="PASS" signature="performRefreshFailureTest(com.namazustudios.socialengine.model.gameon.game.DeviceOSType, com.namazustudios.socialengine.model.gameon.game.AppBuildType)[pri:0, instance:com.namazustudios.socialengine.LuaGameOnSessionUnitTest@6cd64ee8]" name="performRefreshFailureTest" duration-ms="33" started-at="2019-02-25T15:13:28Z" data-provider="testData" finished-at="2019-02-25T15:13:28Z">
          <params>
            <param index="0">
              <value>
                <![CDATA[playstation]]>
              </value>
            </param>
            <param index="1">
              <value is-null="true"/>
            </param>
          </params>
          <reporter-output>
          </reporter-output>
        </test-method> <!-- performRefreshFailureTest -->
        <test-method status="PASS" signature="resetMocks()[pri:0, instance:com.namazustudios.socialengine.LuaGameOnSessionUnitTest@6cd64ee8]" name="resetMocks" is-config="true" duration-ms="0" started-at="2019-02-25T15:13:28Z" finished-at="2019-02-25T15:13:28Z">
          <reporter-output>
          </reporter-output>
        </test-method> <!-- resetMocks -->
        <test-method status="PASS" signature="resetMocks()[pri:0, instance:com.namazustudios.socialengine.LuaGameOnSessionUnitTest@6cd64ee8]" name="resetMocks" is-config="true" duration-ms="0" started-at="2019-02-25T15:13:28Z" finished-at="2019-02-25T15:13:28Z">
          <reporter-output>
          </reporter-output>
        </test-method> <!-- resetMocks -->
        <test-method status="PASS" signature="performRefreshFailureTest(com.namazustudios.socialengine.model.gameon.game.DeviceOSType, com.namazustudios.socialengine.model.gameon.game.AppBuildType)[pri:0, instance:com.namazustudios.socialengine.LuaGameOnSessionUnitTest@6cd64ee8]" name="performRefreshFailureTest" duration-ms="39" started-at="2019-02-25T15:13:28Z" data-provider="testData" finished-at="2019-02-25T15:13:29Z">
          <params>
            <param index="0">
              <value>
                <![CDATA[nintendo]]>
              </value>
            </param>
            <param index="1">
              <value is-null="true"/>
            </param>
          </params>
          <reporter-output>
          </reporter-output>
        </test-method> <!-- performRefreshFailureTest -->
        <test-method status="PASS" signature="performRefreshFailureTest(com.namazustudios.socialengine.model.gameon.game.DeviceOSType, com.namazustudios.socialengine.model.gameon.game.AppBuildType)[pri:0, instance:com.namazustudios.socialengine.LuaGameOnSessionUnitTest@6cd64ee8]" name="performRefreshFailureTest" duration-ms="33" started-at="2019-02-25T15:13:29Z" data-provider="testData" finished-at="2019-02-25T15:13:29Z">
          <params>
            <param index="0">
              <value>
                <![CDATA[html]]>
              </value>
            </param>
            <param index="1">
              <value is-null="true"/>
            </param>
          </params>
          <reporter-output>
          </reporter-output>
        </test-method> <!-- performRefreshFailureTest -->
[...]
        </test-method> <!-- resetMocks -->
        <test-method status="PASS" signature="performRefreshSuccessTest(com.namazustudios.socialengine.model.gameon.game.DeviceOSType, com.namazustudios.socialengine.model.gameon.game.AppBuildType)[pri:0, instance:com.namazustudios.socialengine.LuaGameOnSessionUnitTest@6cd64ee8]" name="performRefreshSuccessTest" duration-ms="39" started-at="2019-02-25T15:13:29Z" data-provider="testData" finished-at="2019-02-25T15:13:29Z">
          <params>
            <param index="0">
              <value>
                <![CDATA[nintendo]]>
              </value>
            </param>
            <param index="1">
              <value>
                <![CDATA[release]]>
              </value>
            </param>
          </params>
          <reporter-output>
          </reporter-output>
        </test-method> <!-- performRefreshSuccessTest -->
        <test-method status="PASS" signature="performRefreshSuccessTest(com.namazustudios.socialengine.model.gameon.game.DeviceOSType, com.namazustudios.socialengine.model.gameon.game.AppBuildType)[pri:0, instance:com.namazustudios.socialengine.LuaGameOnSessionUnitTest@6cd64ee8]" name="performRefreshSuccessTest" duration-ms="36" started-at="2019-02-25T15:13:29Z" data-provider="testData" finished-at="2019-02-25T15:13:29Z">
          <params>
            <param index="0">
              <value>
                <![CDATA[html]]>
              </value>
            </param>
            <param index="1">
              <value>
                <![CDATA[development]]>
              </value>
            </param>
          </params>
          <reporter-output>
          </reporter-output>
        </test-method> <!-- performRefreshSuccessTest -->
        <test-method status="PASS" signature="resetMocks()[pri:0, instance:com.namazustudios.socialengine.LuaGameOnSessionUnitTest@6cd64ee8]" name="resetMocks" is-config="true" duration-ms="0" started-at="2019-02-25T15:13:29Z" finished-at="2019-02-25T15:13:29Z">
          <reporter-output>
          </reporter-output>
        </test-method> <!-- resetMocks -->
        <test-method status="PASS" signature="performRefreshSuccessTest(com.namazustudios.socialengine.model.gameon.game.DeviceOSType, com.namazustudios.socialengine.model.gameon.game.AppBuildType)[pri:0, instance:com.namazustudios.socialengine.LuaGameOnSessionUnitTest@6cd64ee8]" name="performRefreshSuccessTest" duration-ms="35" started-at="2019-02-25T15:13:29Z" data-provider="testData" finished-at="2019-02-25T15:13:29Z">
          <params>
            <param index="0">
              <value>
                <![CDATA[html]]>
              </value>
            </param>
            <param index="1">
              <value>
                <![CDATA[release]]>
              </value>
            </param>
          </params>
          <reporter-output>
          </reporter-output>
        </test-method> <!-- performRefreshSuccessTest -->
        <test-method status="PASS" signature="resetMocks()[pri:0, instance:com.namazustudios.socialengine.LuaGameOnSessionUnitTest@6cd64ee8]" name="resetMocks" is-config="true" duration-ms="0" started-at="2019-02-25T15:13:29Z" finished-at="2019-02-25T15:13:29Z">
          <reporter-output>
          </reporter-output>
        </test-method> <!-- resetMocks -->
        <test-method status="PASS" signature="resetMocks()[pri:0, instance:com.namazustudios.socialengine.LuaGameOnSessionUnitTest@6cd64ee8]" name="resetMocks" is-config="true" duration-ms="0" started-at="2019-02-25T15:13:29Z" finished-at="2019-02-25T15:13:29Z">
          <reporter-output>
          </reporter-output>
        </test-method> <!-- resetMocks -->
        <test-method status="PASS" signature="performRefreshSuccessTest(com.namazustudios.socialengine.model.gameon.game.DeviceOSType, com.namazustudios.socialengine.model.gameon.game.AppBuildType)[pri:0, instance:com.namazustudios.socialengine.LuaGameOnSessionUnitTest@6cd64ee8]" name="performRefreshSuccessTest" duration-ms="35" started-at="2019-02-25T15:13:29Z" data-provider="testData" finished-at="2019-02-25T15:13:29Z">
          <params>
            <param index="0">
              <value>
                <![CDATA[fireos]]>
              </value>
            </param>
            <param index="1">
              <value is-null="true"/>
            </param>
          </params>
          <reporter-output>
          </reporter-output>
        </test-method> <!-- performRefreshSuccessTest -->
        <test-method status="PASS" signature="performRefreshSuccessTest(com.namazustudios.socialengine.model.gameon.game.DeviceOSType, com.namazustudios.socialengine.model.gameon.game.AppBuildType)[pri:0, instance:com.namazustudios.socialengine.LuaGameOnSessionUnitTest@6cd64ee8]" name="performRefreshSuccessTest" duration-ms="38" started-at="2019-02-25T15:13:29Z" data-provider="testData" finished-at="2019-02-25T15:13:29Z">
          <params>
            <param index="0">
              <value>
                <![CDATA[android]]>
              </value>
            </param>
            <param index="1">
              <value is-null="true"/>
            </param>
          </params>
          <reporter-output>
          </reporter-output>
        </test-method> <!-- performRefreshSuccessTest -->
        <test-method status="PASS" signature="resetMocks()[pri:0, instance:com.namazustudios.socialengine.LuaGameOnSessionUnitTest@6cd64ee8]" name="resetMocks" is-config="true" duration-ms="0" started-at="2019-02-25T15:13:29Z" finished-at="2019-02-25T15:13:29Z">
          <reporter-output>
          </reporter-output>
        </test-method> <!-- resetMocks -->
        <test-method status="PASS" signature="performRefreshSuccessTest(com.namazustudios.socialengine.model.gameon.game.DeviceOSType, com.namazustudios.socialengine.model.gameon.game.AppBuildType)[pri:0, instance:com.namazustudios.socialengine.LuaGameOnSessionUnitTest@6cd64ee8]" name="performRefreshSuccessTest" duration-ms="32" started-at="2019-02-25T15:13:29Z" data-provider="testData" finished-at="2019-02-25T15:13:29Z">
          <params>
            <param index="0">
              <value>
                <![CDATA[ios]]>
              </value>
            </param>
            <param index="1">
              <value is-null="true"/>
            </param>
          </params>
          <reporter-output>
          </reporter-output>
        </test-method> <!-- performRefreshSuccessTest -->
        <test-method status="PASS" signature="resetMocks()[pri:0, instance:com.namazustudios.socialengine.LuaGameOnSessionUnitTest@6cd64ee8]" name="resetMocks" is-config="true" duration-ms="0" started-at="2019-02-25T15:13:29Z" finished-at="2019-02-25T15:13:29Z">
          <reporter-output>
          </reporter-output>
        </test-method> <!-- resetMocks -->
        <test-method status="PASS" signature="resetMocks()[pri:0, instance:com.namazustudios.socialengine.LuaGameOnSessionUnitTest@6cd64ee8]" name="resetMocks" is-config="true" duration-ms="0" started-at="2019-02-25T15:13:29Z" finished-at="2019-02-25T15:13:29Z">
          <reporter-output>
          </reporter-output>
        </test-method> <!-- resetMocks -->
        <test-method status="PASS" signature="performRefreshSuccessTest(com.namazustudios.socialengine.model.gameon.game.DeviceOSType, com.namazustudios.socialengine.model.gameon.game.AppBuildType)[pri:0, instance:com.namazustudios.socialengine.LuaGameOnSessionUnitTest@6cd64ee8]" name="performRefreshSuccessTest" duration-ms="30" started-at="2019-02-25T15:13:29Z" data-provider="testData" finished-at="2019-02-25T15:13:29Z">
          <params>
            <param index="0">
              <value>
                <![CDATA[pc]]>
              </value>
            </param>
            <param index="1">
              <value is-null="true"/>
            </param>
          </params>
          <reporter-output>
          </reporter-output>
        </test-method> <!-- performRefreshSuccessTest -->
        <test-method status="PASS" signature="performRefreshSuccessTest(com.namazustudios.socialengine.model.gameon.game.DeviceOSType, com.namazustudios.socialengine.model.gameon.game.AppBuildType)[pri:0, instance:com.namazustudios.socialengine.LuaGameOnSessionUnitTest@6cd64ee8]" name="performRefreshSuccessTest" duration-ms="48" started-at="2019-02-25T15:13:29Z" data-provider="testData" finished-at="2019-02-25T15:13:30Z">
          <params>
            <param index="0">
              <value>
                <![CDATA[mac]]>
              </value>
            </param>
            <param index="1">
              <value is-null="true"/>
            </param>
          </params>
          <reporter-output>
          </reporter-output>
        </test-method> <!-- performRefreshSuccessTest -->
        <test-method status="PASS" signature="resetMocks()[pri:0, instance:com.namazustudios.socialengine.LuaGameOnSessionUnitTest@6cd64ee8]" name="resetMocks" is-config="true" duration-ms="0" started-at="2019-02-25T15:13:29Z" finished-at="2019-02-25T15:13:29Z">
          <reporter-output>
          </reporter-output>
        </test-method> <!-- resetMocks -->
        <test-method status="PASS" signature="resetMocks()[pri:0, instance:com.namazustudios.socialengine.LuaGameOnSessionUnitTest@6cd64ee8]" name="resetMocks" is-config="true" duration-ms="0" started-at="2019-02-25T15:13:30Z" finished-at="2019-02-25T15:13:30Z">
          <reporter-output>
          </reporter-output>
        </test-method> <!-- resetMocks -->
        <test-method status="PASS" signature="performRefreshSuccessTest(com.namazustudios.socialengine.model.gameon.game.DeviceOSType, com.namazustudios.socialengine.model.gameon.game.AppBuildType)[pri:0, instance:com.namazustudios.socialengine.LuaGameOnSessionUnitTest@6cd64ee8]" name="performRefreshSuccessTest" duration-ms="36" started-at="2019-02-25T15:13:30Z" data-provider="testData" finished-at="2019-02-25T15:13:30Z">
          <params>
            <param index="0">
              <value>
                <![CDATA[linux]]>
              </value>
            </param>
            <param index="1">
              <value is-null="true"/>
            </param>
          </params>
          <reporter-output>
          </reporter-output>
        </test-method> <!-- performRefreshSuccessTest -->
        <test-method status="PASS" signature="performRefreshSuccessTest(com.namazustudios.socialengine.model.gameon.game.DeviceOSType, com.namazustudios.socialengine.model.gameon.game.AppBuildType)[pri:0, instance:com.namazustudios.socialengine.LuaGameOnSessionUnitTest@6cd64ee8]" name="performRefreshSuccessTest" duration-ms="35" started-at="2019-02-25T15:13:30Z" data-provider="testData" finished-at="2019-02-25T15:13:30Z">
          <params>
            <param index="0">
              <value>
                <![CDATA[xbox]]>
              </value>
            </param>
            <param index="1">
              <value is-null="true"/>
            </param>
          </params>
          <reporter-output>
          </reporter-output>
        </test-method> <!-- performRefreshSuccessTest -->
        <test-method status="PASS" signature="resetMocks()[pri:0, instance:com.namazustudios.socialengine.LuaGameOnSessionUnitTest@6cd64ee8]" name="resetMocks" is-config="true" duration-ms="0" started-at="2019-02-25T15:13:30Z" finished-at="2019-02-25T15:13:30Z">
          <reporter-output>
          </reporter-output>
        </test-method> <!-- resetMocks -->
        <test-method status="PASS" signature="resetMocks()[pri:0, instance:com.namazustudios.socialengine.LuaGameOnSessionUnitTest@6cd64ee8]" name="resetMocks" is-config="true" duration-ms="0" started-at="2019-02-25T15:13:30Z" finished-at="2019-02-25T15:13:30Z">
          <reporter-output>
          </reporter-output>
        </test-method> <!-- resetMocks -->
        <test-method status="PASS" signature="performRefreshSuccessTest(com.namazustudios.socialengine.model.gameon.game.DeviceOSType, com.namazustudios.socialengine.model.gameon.game.AppBuildType)[pri:0, instance:com.namazustudios.socialengine.LuaGameOnSessionUnitTest@6cd64ee8]" name="performRefreshSuccessTest" duration-ms="31" started-at="2019-02-25T15:13:30Z" data-provider="testData" finished-at="2019-02-25T15:13:30Z">
          <params>
            <param index="0">
              <value>
                <![CDATA[playstation]]>
              </value>
            </param>
            <param index="1">
              <value is-null="true"/>
            </param>
          </params>
          <reporter-output>
          </reporter-output>
        </test-method> <!-- performRefreshSuccessTest -->
        <test-method status="PASS" signature="performRefreshSuccessTest(com.namazustudios.socialengine.model.gameon.game.DeviceOSType, com.namazustudios.socialengine.model.gameon.game.AppBuildType)[pri:0, instance:com.namazustudios.socialengine.LuaGameOnSessionUnitTest@6cd64ee8]" name="performRefreshSuccessTest" duration-ms="33" started-at="2019-02-25T15:13:30Z" data-provider="testData" finished-at="2019-02-25T15:13:30Z">
          <params>
            <param index="0">
              <value>
                <![CDATA[nintendo]]>
              </value>
            </param>
            <param index="1">
              <value is-null="true"/>
            </param>
          </params>
          <reporter-output>
          </reporter-output>
        </test-method> <!-- performRefreshSuccessTest -->
        <test-method status="PASS" signature="resetMocks()[pri:0, instance:com.namazustudios.socialengine.LuaGameOnSessionUnitTest@6cd64ee8]" name="resetMocks" is-config="true" duration-ms="0" started-at="2019-02-25T15:13:30Z" finished-at="2019-02-25T15:13:30Z">
          <reporter-output>
          </reporter-output>
        </test-method> <!-- resetMocks -->
        <test-method status="PASS" signature="resetMocks()[pri:0, instance:com.namazustudios.socialengine.LuaGameOnSessionUnitTest@6cd64ee8]" name="resetMocks" is-config="true" duration-ms="0" started-at="2019-02-25T15:13:30Z" finished-at="2019-02-25T15:13:30Z">
          <reporter-output>
          </reporter-output>
        </test-method> <!-- resetMocks -->
        <test-method status="PASS" signature="performRefreshSuccessTest(com.namazustudios.socialengine.model.gameon.game.DeviceOSType, com.namazustudios.socialengine.model.gameon.game.AppBuildType)[pri:0, instance:com.namazustudios.socialengine.LuaGameOnSessionUnitTest@6cd64ee8]" name="performRefreshSuccessTest" duration-ms="30" started-at="2019-02-25T15:13:30Z" data-provider="testData" finished-at="2019-02-25T15:13:30Z">
          <params>
            <param index="0">
              <value>
                <![CDATA[html]]>
              </value>
            </param>
            <param index="1">
              <value is-null="true"/>
            </param>
          </params>
          <reporter-output>
          </reporter-output>
        </test-method> <!-- performRefreshSuccessTest -->
        <test-method status="PASS" signature="performRefreshSuccessTest(com.namazustudios.socialengine.model.gameon.game.DeviceOSType, com.namazustudios.socialengine.model.gameon.game.AppBuildType)[pri:0, instance:com.namazustudios.socialengine.LuaGameOnSessionUnitTest@6cd64ee8]" name="performRefreshSuccessTest" duration-ms="30" started-at="2019-02-25T15:13:30Z" data-provider="testData" finished-at="2019-02-25T15:13:30Z">
          <params>
            <param index="0">
              <value is-null="true"/>
            </param>
            <param index="1">
              <value>
                <![CDATA[development]]>
              </value>
            </param>
          </params>
          <reporter-output>
          </reporter-output>
        </test-method> <!-- performRefreshSuccessTest -->
        <test-method status="PASS" signature="resetMocks()[pri:0, instance:com.namazustudios.socialengine.LuaGameOnSessionUnitTest@6cd64ee8]" name="resetMocks" is-config="true" duration-ms="0" started-at="2019-02-25T15:13:30Z" finished-at="2019-02-25T15:13:30Z">
          <reporter-output>
          </reporter-output>
        </test-method> <!-- resetMocks -->
        <test-method status="PASS" signature="resetMocks()[pri:0, instance:com.namazustudios.socialengine.LuaGameOnSessionUnitTest@6cd64ee8]" name="resetMocks" is-config="true" duration-ms="0" started-at="2019-02-25T15:13:30Z" finished-at="2019-02-25T15:13:30Z">
          <reporter-output>
          </reporter-output>
        </test-method> <!-- resetMocks -->
        <test-method status="PASS" signature="performRefreshSuccessTest(com.namazustudios.socialengine.model.gameon.game.DeviceOSType, com.namazustudios.socialengine.model.gameon.game.AppBuildType)[pri:0, instance:com.namazustudios.socialengine.LuaGameOnSessionUnitTest@6cd64ee8]" name="performRefreshSuccessTest" duration-ms="33" started-at="2019-02-25T15:13:30Z" data-provider="testData" finished-at="2019-02-25T15:13:30Z">
          <params>
            <param index="0">
              <value is-null="true"/>
            </param>
            <param index="1">
              <value>
                <![CDATA[release]]>
              </value>
            </param>
          </params>
          <reporter-output>
          </reporter-output>
        </test-method> <!-- performRefreshSuccessTest -->
        <test-method status="PASS" signature="resetMocks()[pri:0, instance:com.namazustudios.socialengine.LuaGameOnSessionUnitTest@6cd64ee8]" name="resetMocks" is-config="true" duration-ms="0" started-at="2019-02-25T15:13:30Z" finished-at="2019-02-25T15:13:30Z">
          <reporter-output>
          </reporter-output>
        </test-method> <!-- resetMocks -->
        <test-method status="PASS" signature="performRefreshSuccessTest(com.namazustudios.socialengine.model.gameon.game.DeviceOSType, com.namazustudios.socialengine.model.gameon.game.AppBuildType)[pri:0, instance:com.namazustudios.socialengine.LuaGameOnSessionUnitTest@6cd64ee8]" name="performRefreshSuccessTest" duration-ms="34" started-at="2019-02-25T15:13:30Z" data-provider="testData" finished-at="2019-02-25T15:13:30Z">
          <params>
            <param index="0">
              <value is-null="true"/>
            </param>
            <param index="1">
              <value is-null="true"/>
            </param>
          </params>
          <reporter-output>
          </reporter-output>
        </test-method> <!-- performRefreshSuccessTest -->
      </class> <!-- com.namazustudios.socialengine.LuaGameOnSessionUnitTest -->
      <class name="com.namazustudios.socialengine.LuaResourceUnitTest">
        <test-method status="PASS" signature="performLuaTest(java.lang.String, java.lang.String)[pri:0, instance:com.namazustudios.socialengine.LuaResourceUnitTest@5460b754]" name="performLuaTest" duration-ms="20" started-at="2019-02-25T15:13:30Z" data-provider="resourcesToTest" finished-at="2019-02-25T15:13:30Z">
          <params>
            <param index="0">
              <value>
                <![CDATA[namazu.elements.test.auth]]>
              </value>
            </param>
            <param index="1">
              <value>
                <![CDATA[test_facebook_security_manifest]]>
              </value>
            </param>
          </params>
          <reporter-output>
          </reporter-output>
        </test-method> <!-- performLuaTest -->
      </class> <!-- com.namazustudios.socialengine.LuaResourceUnitTest -->
      <class name="com.namazustudios.socialengine.LuaGameOnMatchUnitTest">
        <test-method status="PASS" signature="testSubmitScore()[pri:0, instance:com.namazustudios.socialengine.LuaGameOnMatchUnitTest@2f1d0bbc]" name="testSubmitScore" duration-ms="39" started-at="2019-02-25T15:13:30Z" finished-at="2019-02-25T15:13:30Z">
          <reporter-output>
          </reporter-output>
        </test-method> <!-- testSubmitScore -->
      </class> <!-- com.namazustudios.socialengine.LuaGameOnMatchUnitTest -->
    </test> <!-- Command line test -->
  </suite> <!-- Command line suite -->
</testng-results>
