<?xml version="1.0" encoding="UTF-8" ?>
<testsuite tests="111" failures="0" name="TestSuite" time="4.691" errors="0" skipped="0">
  <properties>
[...]
</properties>
  <testcase classname="com.namazustudios.socialengine.LuaGameOnSessionUnitTest" name="performAuthTest" time="0.627"/>
  <testcase classname="com.namazustudios.socialengine.LuaGameOnSessionUnitTest" name="performAuthTest" time="0.055"/>
  <testcase classname="com.namazustudios.socialengine.LuaGameOnSessionUnitTest" name="performAuthTest" time="0.071"/>
  <testcase classname="com.namazustudios.socialengine.LuaGameOnSessionUnitTest" name="performAuthTest" time="0.049"/>
  <testcase classname="com.namazustudios.socialengine.LuaGameOnSessionUnitTest" name="performAuthTest" time="0.054"/>
  <testcase classname="com.namazustudios.socialengine.LuaGameOnSessionUnitTest" name="performAuthTest" time="0.044"/>
  <testcase classname="com.namazustudios.socialengine.LuaGameOnSessionUnitTest" name="performAuthTest" time="0.04"/>
  <testcase classname="com.namazustudios.socialengine.LuaGameOnSessionUnitTest" name="performAuthTest" time="0.042"/>
  <testcase classname="com.namazustudios.socialengine.LuaGameOnSessionUnitTest" name="performAuthTest" time="0.04"/>
  <testcase classname="com.namazustudios.socialengine.LuaGameOnSessionUnitTest" name="performAuthTest" time="0.048"/>
  <testcase classname="com.namazustudios.socialengine.LuaGameOnSessionUnitTest" name="performAuthTest" time="0.037"/>
  <testcase classname="com.namazustudios.socialengine.LuaGameOnSessionUnitTest" name="performAuthTest" time="0.039"/>
  <testcase classname="com.namazustudios.socialengine.LuaGameOnSessionUnitTest" name="performAuthTest" time="0.039"/>
  <testcase classname="com.namazustudios.socialengine.LuaGameOnSessionUnitTest" name="performAuthTest" time="0.041"/>
  <testcase classname="com.namazustudios.socialengine.LuaGameOnSessionUnitTest" name="performAuthTest" time="0.04"/>
  <testcase classname="com.namazustudios.socialengine.LuaGameOnSessionUnitTest" name="performAuthTest" time="0.043"/>
  <testcase classname="com.namazustudios.socialengine.LuaGameOnSessionUnitTest" name="performAuthTest" time="0.043"/>
  <testcase classname="com.namazustudios.socialengine.LuaGameOnSessionUnitTest" name="performAuthTest" time="0.046"/>
  <testcase classname="com.namazustudios.socialengine.LuaGameOnSessionUnitTest" name="performAuthTest" time="0.04"/>
  <testcase classname="com.namazustudios.socialengine.LuaGameOnSessionUnitTest" name="performAuthTest" time="0.043"/>
  <testcase classname="com.namazustudios.socialengine.LuaGameOnSessionUnitTest" name="performAuthTest" time="0.036"/>
  <testcase classname="com.namazustudios.socialengine.LuaGameOnSessionUnitTest" name="performAuthTest" time="0.036"/>
  <testcase classname="com.namazustudios.socialengine.LuaGameOnSessionUnitTest" name="performAuthTest" time="0.035"/>
  <testcase classname="com.namazustudios.socialengine.LuaGameOnSessionUnitTest" name="performAuthTest" time="0.037"/>
  <testcase classname="com.namazustudios.socialengine.LuaGameOnSessionUnitTest" name="performAuthTest" time="0.041"/>
  <testcase classname="com.namazustudios.socialengine.LuaGameOnSessionUnitTest" name="performAuthTest" time="0.049"/>
  <testcase classname="com.namazustudios.socialengine.LuaGameOnSessionUnitTest" name="performAuthTest" time="0.042"/>
  <testcase classname="com.namazustudios.socialengine.LuaGameOnSessionUnitTest" name="performAuthTest" time="0.036"/>
  <testcase classname="com.namazustudios.socialengine.LuaGameOnSessionUnitTest" name="performAuthTest" time="0.056"/>
  <testcase classname="com.namazustudios.socialengine.LuaGameOnSessionUnitTest" name="performAuthTest" time="0.058"/>
  <testcase classname="com.namazustudios.socialengine.LuaGameOnSessionUnitTest" name="performAuthTest" time="0.037"/>
  <testcase classname="com.namazustudios.socialengine.LuaGameOnSessionUnitTest" name="performAuthTest" time="0.038"/>
  <testcase classname="com.namazustudios.socialengine.LuaGameOnSessionUnitTest" name="performAuthTest" time="0.044"/>
  <testcase classname="com.namazustudios.socialengine.LuaGameOnSessionUnitTest" name="performMatchClientTest" time="0.04"/>
  <testcase classname="com.namazustudios.socialengine.LuaGameOnSessionUnitTest" name="performRefreshFailureTest" time="0.048"/>
  <testcase classname="com.namazustudios.socialengine.LuaGameOnSessionUnitTest" name="performRefreshFailureTest" time="0.037"/>
  <testcase classname="com.namazustudios.socialengine.LuaGameOnSessionUnitTest" name="performRefreshFailureTest" time="0.033"/>
  <testcase classname="com.namazustudios.socialengine.LuaGameOnSessionUnitTest" name="performRefreshFailureTest" time="0.035"/>
  <testcase classname="com.namazustudios.socialengine.LuaGameOnSessionUnitTest" name="performRefreshFailureTest" time="0.032"/>
  <testcase classname="com.namazustudios.socialengine.LuaGameOnSessionUnitTest" name="performRefreshFailureTest" time="0.033"/>
  <testcase classname="com.namazustudios.socialengine.LuaGameOnSessionUnitTest" name="performRefreshFailureTest" time="0.03"/>
  <testcase classname="com.namazustudios.socialengine.LuaGameOnSessionUnitTest" name="performRefreshFailureTest" time="0.038"/>
  <testcase classname="com.namazustudios.socialengine.LuaGameOnSessionUnitTest" name="performRefreshFailureTest" time="0.031"/>
  <testcase classname="com.namazustudios.socialengine.LuaGameOnSessionUnitTest" name="performRefreshFailureTest" time="0.032"/>
  <testcase classname="com.namazustudios.socialengine.LuaGameOnSessionUnitTest" name="performRefreshFailureTest" time="0.03"/>
  <testcase classname="com.namazustudios.socialengine.LuaGameOnSessionUnitTest" name="performRefreshFailureTest" time="0.032"/>
  <testcase classname="com.namazustudios.socialengine.LuaGameOnSessionUnitTest" name="performRefreshFailureTest" time="0.031"/>
  <testcase classname="com.namazustudios.socialengine.LuaGameOnSessionUnitTest" name="performRefreshFailureTest" time="0.03"/>
  <testcase classname="com.namazustudios.socialengine.LuaGameOnSessionUnitTest" name="performRefreshFailureTest" time="0.032"/>
  <testcase classname="com.namazustudios.socialengine.LuaGameOnSessionUnitTest" name="performRefreshFailureTest" time="0.031"/>
  <testcase classname="com.namazustudios.socialengine.LuaGameOnSessionUnitTest" name="performRefreshFailureTest" time="0.032"/>
  <testcase classname="com.namazustudios.socialengine.LuaGameOnSessionUnitTest" name="performRefreshFailureTest" time="0.033"/>
  <testcase classname="com.namazustudios.socialengine.LuaGameOnSessionUnitTest" name="performRefreshFailureTest" time="0.033"/>
  <testcase classname="com.namazustudios.socialengine.LuaGameOnSessionUnitTest" name="performRefreshFailureTest" time="0.037"/>
  <testcase classname="com.namazustudios.socialengine.LuaGameOnSessionUnitTest" name="performRefreshFailureTest" time="0.035"/>
  <testcase classname="com.namazustudios.socialengine.LuaGameOnSessionUnitTest" name="performRefreshFailureTest" time="0.033"/>
  <testcase classname="com.namazustudios.socialengine.LuaGameOnSessionUnitTest" name="performRefreshFailureTest" time="0.032"/>
  <testcase classname="com.namazustudios.socialengine.LuaGameOnSessionUnitTest" name="performRefreshFailureTest" time="0.031"/>
  <testcase classname="com.namazustudios.socialengine.LuaGameOnSessionUnitTest" name="performRefreshFailureTest" time="0.032"/>
  <testcase classname="com.namazustudios.socialengine.LuaGameOnSessionUnitTest" name="performRefreshFailureTest" time="0.029"/>
  <testcase classname="com.namazustudios.socialengine.LuaGameOnSessionUnitTest" name="performRefreshFailureTest" time="0.032"/>
  <testcase classname="com.namazustudios.socialengine.LuaGameOnSessionUnitTest" name="performRefreshFailureTest" time="0.032"/>
  <testcase classname="com.namazustudios.socialengine.LuaGameOnSessionUnitTest" name="performRefreshFailureTest" time="0.039"/>
  <testcase classname="com.namazustudios.socialengine.LuaGameOnSessionUnitTest" name="performRefreshFailureTest" time="0.034"/>
  <testcase classname="com.namazustudios.socialengine.LuaGameOnSessionUnitTest" name="performRefreshFailureTest" time="0.031"/>
  <testcase classname="com.namazustudios.socialengine.LuaGameOnSessionUnitTest" name="performRefreshFailureTest" time="0.03"/>
  <testcase classname="com.namazustudios.socialengine.LuaGameOnSessionUnitTest" name="performRefreshFailureTest" time="0.031"/>
  <testcase classname="com.namazustudios.socialengine.LuaGameOnSessionUnitTest" name="performRefreshSuccessTest" time="0.036"/>
  <testcase classname="com.namazustudios.socialengine.LuaGameOnSessionUnitTest" name="performRefreshSuccessTest" time="0.029"/>
  <testcase classname="com.namazustudios.socialengine.LuaGameOnSessionUnitTest" name="performRefreshSuccessTest" time="0.034"/>
  <testcase classname="com.namazustudios.socialengine.LuaGameOnSessionUnitTest" name="performRefreshSuccessTest" time="0.032"/>
  <testcase classname="com.namazustudios.socialengine.LuaGameOnSessionUnitTest" name="performRefreshSuccessTest" time="0.035"/>
  <testcase classname="com.namazustudios.socialengine.LuaGameOnSessionUnitTest" name="performRefreshSuccessTest" time="0.035"/>
  <testcase classname="com.namazustudios.socialengine.LuaGameOnSessionUnitTest" name="performRefreshSuccessTest" time="0.034"/>
  <testcase classname="com.namazustudios.socialengine.LuaGameOnSessionUnitTest" name="performRefreshSuccessTest" time="0.034"/>
  <testcase classname="com.namazustudios.socialengine.LuaGameOnSessionUnitTest" name="performRefreshSuccessTest" time="0.034"/>
  <testcase classname="com.namazustudios.socialengine.LuaGameOnSessionUnitTest" name="performRefreshSuccessTest" time="0.033"/>
  <testcase classname="com.namazustudios.socialengine.LuaGameOnSessionUnitTest" name="performRefreshSuccessTest" time="0.043"/>
  <testcase classname="com.namazustudios.socialengine.LuaGameOnSessionUnitTest" name="performRefreshSuccessTest" time="0.032"/>
  <testcase classname="com.namazustudios.socialengine.LuaGameOnSessionUnitTest" name="performRefreshSuccessTest" time="0.036"/>
  <testcase classname="com.namazustudios.socialengine.LuaGameOnSessionUnitTest" name="performRefreshSuccessTest" time="0.034"/>
  <testcase classname="com.namazustudios.socialengine.LuaGameOnSessionUnitTest" name="performRefreshSuccessTest" time="0.034"/>
  <testcase classname="com.namazustudios.socialengine.LuaGameOnSessionUnitTest" name="performRefreshSuccessTest" time="0.05"/>
  <testcase classname="com.namazustudios.socialengine.LuaGameOnSessionUnitTest" name="performRefreshSuccessTest" time="0.043"/>
  <testcase classname="com.namazustudios.socialengine.LuaGameOnSessionUnitTest" name="performRefreshSuccessTest" time="0.04"/>
  <testcase classname="com.namazustudios.socialengine.LuaGameOnSessionUnitTest" name="performRefreshSuccessTest" time="0.035"/>
  <testcase classname="com.namazustudios.socialengine.LuaGameOnSessionUnitTest" name="performRefreshSuccessTest" time="0.036"/>
  <testcase classname="com.namazustudios.socialengine.LuaGameOnSessionUnitTest" name="performRefreshSuccessTest" time="0.036"/>
  <testcase classname="com.namazustudios.socialengine.LuaGameOnSessionUnitTest" name="performRefreshSuccessTest" time="0.039"/>
  <testcase classname="com.namazustudios.socialengine.LuaGameOnSessionUnitTest" name="performRefreshSuccessTest" time="0.031"/>
  <testcase classname="com.namazustudios.socialengine.LuaGameOnSessionUnitTest" name="performRefreshSuccessTest" time="0.03"/>
  <testcase classname="com.namazustudios.socialengine.LuaGameOnSessionUnitTest" name="performRefreshSuccessTest" time="0.049"/>
  <testcase classname="com.namazustudios.socialengine.LuaGameOnSessionUnitTest" name="performRefreshSuccessTest" time="0.039"/>
  <testcase classname="com.namazustudios.socialengine.LuaGameOnSessionUnitTest" name="performRefreshSuccessTest" time="0.033"/>
  <testcase classname="com.namazustudios.socialengine.LuaGameOnSessionUnitTest" name="performRefreshSuccessTest" time="0.031"/>
  <testcase classname="com.namazustudios.socialengine.LuaGameOnSessionUnitTest" name="performRefreshSuccessTest" time="0.033"/>
  <testcase classname="com.namazustudios.socialengine.LuaGameOnSessionUnitTest" name="performRefreshSuccessTest" time="0.03"/>
  <testcase classname="com.namazustudios.socialengine.LuaGameOnSessionUnitTest" name="performRefreshSuccessTest" time="0.031"/>
  <testcase classname="com.namazustudios.socialengine.LuaGameOnSessionUnitTest" name="performRefreshSuccessTest" time="0.032"/>
  <testcase classname="com.namazustudios.socialengine.LuaGameOnSessionUnitTest" name="performRefreshSuccessTest" time="0.034"/>
  <testcase classname="com.namazustudios.socialengine.LuaAuthUnitTest" name="testAuthenticatedUser" time="0.053"/>
  <testcase classname="com.namazustudios.socialengine.LuaAuthUnitTest" name="testAuthenticatedUserRemote" time="0.053"/>
  <testcase classname="com.namazustudios.socialengine.LuaAuthUnitTest" name="testProfile" time="0.027"/>
  <testcase classname="com.namazustudios.socialengine.LuaAuthUnitTest" name="testProfileRemote" time="0.041"/>
  <testcase classname="com.namazustudios.socialengine.LuaAuthUnitTest" name="testProfileUnknown" time="0.022"/>
  <testcase classname="com.namazustudios.socialengine.LuaAuthUnitTest" name="testUnauthenticatedUser" time="0.022"/>
  <testcase classname="com.namazustudios.socialengine.LuaGameOnMatchUnitTest" name="testSubmitScore" time="0.039"/>
  <testcase classname="com.namazustudios.socialengine.LuaResourceUnitTest" name="performLuaTest" time="0.021"/>
  <testcase classname="com.namazustudios.socialengine.LuaGameOnRegistrationUnitTest" name="performRefreshFailureTest" time="0.031"/>
  <testcase classname="com.namazustudios.socialengine.LuaGameOnRegistrationUnitTest" name="performRefreshSuccessTest" time="0.029"/>
  <testcase classname="com.namazustudios.socialengine.LuaNotificationIntegrationTest" name="testSendWithBuilder" time="0.029"/>
</testsuite>