<?xml version="1.0" encoding="UTF-8"?>
<!-- Generated by org.testng.reporters.JUnitXMLReporter -->
<testsuite hostname="Jeremys-MBP-2" ignored="0" name="Command line test" tests="111" failures="0" timestamp="25 Feb 2019 23:13:30 GMT" time="4.735" errors="0">
  <testcase name="performAuthTest" time="0.627" classname="com.namazustudios.socialengine.LuaGameOnSessionUnitTest"/>
  <testcase name="performAuthTest" time="0.055" classname="com.namazustudios.socialengine.LuaGameOnSessionUnitTest"/>
  <testcase name="performAuthTest" time="0.072" classname="com.namazustudios.socialengine.LuaGameOnSessionUnitTest"/>
  <testcase name="performAuthTest" time="0.049" classname="com.namazustudios.socialengine.LuaGameOnSessionUnitTest"/>
  <testcase name="performAuthTest" time="0.054" classname="com.namazustudios.socialengine.LuaGameOnSessionUnitTest"/>
  <testcase name="performAuthTest" time="0.044" classname="com.namazustudios.socialengine.LuaGameOnSessionUnitTest"/>
  <testcase name="performAuthTest" time="0.04" classname="com.namazustudios.socialengine.LuaGameOnSessionUnitTest"/>
  <testcase name="performAuthTest" time="0.042" classname="com.namazustudios.socialengine.LuaGameOnSessionUnitTest"/>
  <testcase name="performAuthTest" time="0.04" classname="com.namazustudios.socialengine.LuaGameOnSessionUnitTest"/>
  <testcase name="performAuthTest" time="0.049" classname="com.namazustudios.socialengine.LuaGameOnSessionUnitTest"/>
  <testcase name="performAuthTest" time="0.037" classname="com.namazustudios.socialengine.LuaGameOnSessionUnitTest"/>
  <testcase name="performAuthTest" time="0.039" classname="com.namazustudios.socialengine.LuaGameOnSessionUnitTest"/>
  <testcase name="performAuthTest" time="0.039" classname="com.namazustudios.socialengine.LuaGameOnSessionUnitTest"/>
  <testcase name="performAuthTest" time="0.041" classname="com.namazustudios.socialengine.LuaGameOnSessionUnitTest"/>
  <testcase name="performAuthTest" time="0.039" classname="com.namazustudios.socialengine.LuaGameOnSessionUnitTest"/>
  <testcase name="performAuthTest" time="0.042" classname="com.namazustudios.socialengine.LuaGameOnSessionUnitTest"/>
  <testcase name="performAuthTest" time="0.043" classname="com.namazustudios.socialengine.LuaGameOnSessionUnitTest"/>
  <testcase name="performAuthTest" time="0.045" classname="com.namazustudios.socialengine.LuaGameOnSessionUnitTest"/>
  <testcase name="performAuthTest" time="0.04" classname="com.namazustudios.socialengine.LuaGameOnSessionUnitTest"/>
  <testcase name="performAuthTest" time="0.043" classname="com.namazustudios.socialengine.LuaGameOnSessionUnitTest"/>
  <testcase name="performAuthTest" time="0.035" classname="com.namazustudios.socialengine.LuaGameOnSessionUnitTest"/>
  <testcase name="performAuthTest" time="0.036" classname="com.namazustudios.socialengine.LuaGameOnSessionUnitTest"/>
  <testcase name="performAuthTest" time="0.035" classname="com.namazustudios.socialengine.LuaGameOnSessionUnitTest"/>
  <testcase name="performAuthTest" time="0.037" classname="com.namazustudios.socialengine.LuaGameOnSessionUnitTest"/>
  <testcase name="performAuthTest" time="0.04" classname="com.namazustudios.socialengine.LuaGameOnSessionUnitTest"/>
  <testcase name="performAuthTest" time="0.048" classname="com.namazustudios.socialengine.LuaGameOnSessionUnitTest"/>
  <testcase name="performAuthTest" time="0.041" classname="com.namazustudios.socialengine.LuaGameOnSessionUnitTest"/>
  <testcase name="performAuthTest" time="0.036" classname="com.namazustudios.socialengine.LuaGameOnSessionUnitTest"/>
  <testcase name="performAuthTest" time="0.056" classname="com.namazustudios.socialengine.LuaGameOnSessionUnitTest"/>
  <testcase name="performAuthTest" time="0.058" classname="com.namazustudios.socialengine.LuaGameOnSessionUnitTest"/>
  <testcase name="performAuthTest" time="0.037" classname="com.namazustudios.socialengine.LuaGameOnSessionUnitTest"/>
  <testcase name="performAuthTest" time="0.038" classname="com.namazustudios.socialengine.LuaGameOnSessionUnitTest"/>
  <testcase name="performAuthTest" time="0.044" classname="com.namazustudios.socialengine.LuaGameOnSessionUnitTest"/>
  <testcase name="performMatchClientTest" time="0.041" classname="com.namazustudios.socialengine.LuaGameOnSessionUnitTest"/>
  <testcase name="performRefreshFailureTest" time="0.048" classname="com.namazustudios.socialengine.LuaGameOnSessionUnitTest"/>
  <testcase name="performRefreshFailureTest" time="0.037" classname="com.namazustudios.socialengine.LuaGameOnSessionUnitTest"/>
  <testcase name="performRefreshFailureTest" time="0.033" classname="com.namazustudios.socialengine.LuaGameOnSessionUnitTest"/>
  <testcase name="performRefreshFailureTest" time="0.035" classname="com.namazustudios.socialengine.LuaGameOnSessionUnitTest"/>
  <testcase name="performRefreshFailureTest" time="0.032" classname="com.namazustudios.socialengine.LuaGameOnSessionUnitTest"/>
  <testcase name="performRefreshFailureTest" time="0.032" classname="com.namazustudios.socialengine.LuaGameOnSessionUnitTest"/>
  <testcase name="performRefreshFailureTest" time="0.03" classname="com.namazustudios.socialengine.LuaGameOnSessionUnitTest"/>
  <testcase name="performRefreshFailureTest" time="0.038" classname="com.namazustudios.socialengine.LuaGameOnSessionUnitTest"/>
  <testcase name="performRefreshFailureTest" time="0.031" classname="com.namazustudios.socialengine.LuaGameOnSessionUnitTest"/>
  <testcase name="performRefreshFailureTest" time="0.032" classname="com.namazustudios.socialengine.LuaGameOnSessionUnitTest"/>
  <testcase name="performRefreshFailureTest" time="0.03" classname="com.namazustudios.socialengine.LuaGameOnSessionUnitTest"/>
  <testcase name="performRefreshFailureTest" time="0.031" classname="com.namazustudios.socialengine.LuaGameOnSessionUnitTest"/>
  <testcase name="performRefreshFailureTest" time="0.03" classname="com.namazustudios.socialengine.LuaGameOnSessionUnitTest"/>
  <testcase name="performRefreshFailureTest" time="0.03" classname="com.namazustudios.socialengine.LuaGameOnSessionUnitTest"/>
  <testcase name="performRefreshFailureTest" time="0.031" classname="com.namazustudios.socialengine.LuaGameOnSessionUnitTest"/>
  <testcase name="performRefreshFailureTest" time="0.031" classname="com.namazustudios.socialengine.LuaGameOnSessionUnitTest"/>
  <testcase name="performRefreshFailureTest" time="0.032" classname="com.namazustudios.socialengine.LuaGameOnSessionUnitTest"/>
  <testcase name="performRefreshFailureTest" time="0.032" classname="com.namazustudios.socialengine.LuaGameOnSessionUnitTest"/>
  <testcase name="performRefreshFailureTest" time="0.033" classname="com.namazustudios.socialengine.LuaGameOnSessionUnitTest"/>
  <testcase name="performRefreshFailureTest" time="0.036" classname="com.namazustudios.socialengine.LuaGameOnSessionUnitTest"/>
  <testcase name="performRefreshFailureTest" time="0.034" classname="com.namazustudios.socialengine.LuaGameOnSessionUnitTest"/>
  <testcase name="performRefreshFailureTest" time="0.033" classname="com.namazustudios.socialengine.LuaGameOnSessionUnitTest"/>
  <testcase name="performRefreshFailureTest" time="0.032" classname="com.namazustudios.socialengine.LuaGameOnSessionUnitTest"/>
  <testcase name="performRefreshFailureTest" time="0.031" classname="com.namazustudios.socialengine.LuaGameOnSessionUnitTest"/>
  <testcase name="performRefreshFailureTest" time="0.031" classname="com.namazustudios.socialengine.LuaGameOnSessionUnitTest"/>
  <testcase name="performRefreshFailureTest" time="0.029" classname="com.namazustudios.socialengine.LuaGameOnSessionUnitTest"/>
  <testcase name="performRefreshFailureTest" time="0.031" classname="com.namazustudios.socialengine.LuaGameOnSessionUnitTest"/>
  <testcase name="performRefreshFailureTest" time="0.033" classname="com.namazustudios.socialengine.LuaGameOnSessionUnitTest"/>
  <testcase name="performRefreshFailureTest" time="0.039" classname="com.namazustudios.socialengine.LuaGameOnSessionUnitTest"/>
  <testcase name="performRefreshFailureTest" time="0.033" classname="com.namazustudios.socialengine.LuaGameOnSessionUnitTest"/>
  <testcase name="performRefreshFailureTest" time="0.03" classname="com.namazustudios.socialengine.LuaGameOnSessionUnitTest"/>
  <testcase name="performRefreshFailureTest" time="0.029" classname="com.namazustudios.socialengine.LuaGameOnSessionUnitTest"/>
  <testcase name="performRefreshFailureTest" time="0.032" classname="com.namazustudios.socialengine.LuaGameOnSessionUnitTest"/>
  <testcase name="performRefreshSuccessTest" time="0.035" classname="com.namazustudios.socialengine.LuaGameOnSessionUnitTest"/>
  <testcase name="performRefreshSuccessTest" time="0.028" classname="com.namazustudios.socialengine.LuaGameOnSessionUnitTest"/>
  <testcase name="performRefreshSuccessTest" time="0.034" classname="com.namazustudios.socialengine.LuaGameOnSessionUnitTest"/>
  <testcase name="performRefreshSuccessTest" time="0.031" classname="com.namazustudios.socialengine.LuaGameOnSessionUnitTest"/>
  <testcase name="performRefreshSuccessTest" time="0.034" classname="com.namazustudios.socialengine.LuaGameOnSessionUnitTest"/>
  <testcase name="performRefreshSuccessTest" time="0.035" classname="com.namazustudios.socialengine.LuaGameOnSessionUnitTest"/>
  <testcase name="performRefreshSuccessTest" time="0.034" classname="com.namazustudios.socialengine.LuaGameOnSessionUnitTest"/>
  <testcase name="performRefreshSuccessTest" time="0.034" classname="com.namazustudios.socialengine.LuaGameOnSessionUnitTest"/>
  <testcase name="performRefreshSuccessTest" time="0.035" classname="com.namazustudios.socialengine.LuaGameOnSessionUnitTest"/>
  <testcase name="performRefreshSuccessTest" time="0.032" classname="com.namazustudios.socialengine.LuaGameOnSessionUnitTest"/>
  <testcase name="performRefreshSuccessTest" time="0.043" classname="com.namazustudios.socialengine.LuaGameOnSessionUnitTest"/>
  <testcase name="performRefreshSuccessTest" time="0.032" classname="com.namazustudios.socialengine.LuaGameOnSessionUnitTest"/>
  <testcase name="performRefreshSuccessTest" time="0.036" classname="com.namazustudios.socialengine.LuaGameOnSessionUnitTest"/>
  <testcase name="performRefreshSuccessTest" time="0.034" classname="com.namazustudios.socialengine.LuaGameOnSessionUnitTest"/>
  <testcase name="performRefreshSuccessTest" time="0.032" classname="com.namazustudios.socialengine.LuaGameOnSessionUnitTest"/>
  <testcase name="performRefreshSuccessTest" time="0.047" classname="com.namazustudios.socialengine.LuaGameOnSessionUnitTest"/>
  <testcase name="performRefreshSuccessTest" time="0.045" classname="com.namazustudios.socialengine.LuaGameOnSessionUnitTest"/>
  <testcase name="performRefreshSuccessTest" time="0.039" classname="com.namazustudios.socialengine.LuaGameOnSessionUnitTest"/>
  <testcase name="performRefreshSuccessTest" time="0.036" classname="com.namazustudios.socialengine.LuaGameOnSessionUnitTest"/>
  <testcase name="performRefreshSuccessTest" time="0.035" classname="com.namazustudios.socialengine.LuaGameOnSessionUnitTest"/>
  <testcase name="performRefreshSuccessTest" time="0.035" classname="com.namazustudios.socialengine.LuaGameOnSessionUnitTest"/>
  <testcase name="performRefreshSuccessTest" time="0.038" classname="com.namazustudios.socialengine.LuaGameOnSessionUnitTest"/>
  <testcase name="performRefreshSuccessTest" time="0.032" classname="com.namazustudios.socialengine.LuaGameOnSessionUnitTest"/>
  <testcase name="performRefreshSuccessTest" time="0.03" classname="com.namazustudios.socialengine.LuaGameOnSessionUnitTest"/>
  <testcase name="performRefreshSuccessTest" time="0.048" classname="com.namazustudios.socialengine.LuaGameOnSessionUnitTest"/>
  <testcase name="performRefreshSuccessTest" time="0.036" classname="com.namazustudios.socialengine.LuaGameOnSessionUnitTest"/>
  <testcase name="performRefreshSuccessTest" time="0.035" classname="com.namazustudios.socialengine.LuaGameOnSessionUnitTest"/>
  <testcase name="performRefreshSuccessTest" time="0.031" classname="com.namazustudios.socialengine.LuaGameOnSessionUnitTest"/>
  <testcase name="performRefreshSuccessTest" time="0.033" classname="com.namazustudios.socialengine.LuaGameOnSessionUnitTest"/>
  <testcase name="performRefreshSuccessTest" time="0.03" classname="com.namazustudios.socialengine.LuaGameOnSessionUnitTest"/>
  <testcase name="performRefreshSuccessTest" time="0.03" classname="com.namazustudios.socialengine.LuaGameOnSessionUnitTest"/>
  <testcase name="performRefreshSuccessTest" time="0.033" classname="com.namazustudios.socialengine.LuaGameOnSessionUnitTest"/>
  <testcase name="performRefreshSuccessTest" time="0.034" classname="com.namazustudios.socialengine.LuaGameOnSessionUnitTest"/>
  <testcase name="testAuthenticatedUser" time="0.053" classname="com.namazustudios.socialengine.LuaAuthUnitTest"/>
  <testcase name="testAuthenticatedUserRemote" time="0.052" classname="com.namazustudios.socialengine.LuaAuthUnitTest"/>
  <testcase name="testProfile" time="0.026" classname="com.namazustudios.socialengine.LuaAuthUnitTest"/>
  <testcase name="testProfileRemote" time="0.041" classname="com.namazustudios.socialengine.LuaAuthUnitTest"/>
  <testcase name="testProfileUnknown" time="0.023" classname="com.namazustudios.socialengine.LuaAuthUnitTest"/>
  <testcase name="testUnauthenticatedUser" time="0.022" classname="com.namazustudios.socialengine.LuaAuthUnitTest"/>
  <testcase name="testSubmitScore" time="0.039" classname="com.namazustudios.socialengine.LuaGameOnMatchUnitTest"/>
  <testcase name="performLuaTest" time="0.02" classname="com.namazustudios.socialengine.LuaResourceUnitTest"/>
  <testcase name="performRefreshFailureTest" time="0.031" classname="com.namazustudios.socialengine.LuaGameOnRegistrationUnitTest"/>
  <testcase name="performRefreshSuccessTest" time="0.029" classname="com.namazustudios.socialengine.LuaGameOnRegistrationUnitTest"/>
  <testcase name="testSendWithBuilder" time="0.028" classname="com.namazustudios.socialengine.LuaNotificationIntegrationTest"/>
</testsuite> <!-- Command line test -->
